Build started 2/14/2011 6:40:57 PM.
     1>Project "C:\Users\Michael\Desktop\Core_Storage\Core_021411\src\bindings\Scriptdev2\VC100\100ScriptDev2.vcxproj" on node 2 (rebuild target(s)).
     1>InitializeBuildStatus:
         Creating ".\ScriptDev2__x64_Release\ScriptDev2.unsuccessfulbuild" because "AlwaysCreate" was specified.
       CustomBuild:
         Extracting revision
       ClCompile:
         C:\Program Files (x86)\Microsoft Visual Studio 10.0\VC\bin\x86_amd64\CL.exe /c /I..\..\..\..\dep\include\ /I..\..\..\shared\ /I..\..\..\framework\ /I..\..\..\game\ /I..\include\ /I..\base\ /I..\..\..\..\dep\ACE_wrappers\ /Zi /nologo /W3 /WX- /O2 /D WIN32 /D NDEBUG /D _WINDOWS /D _USRDLL /D SCRIPT /D _SECURE_SCL=0 /D _VC80_UPGRADE=0x0710 /D _WINDLL /D _MBCS /GF /Gm- /EHsc /MD /GS /Gy /fp:precise /Zc:wchar_t /Zc:forScope /GR /Yc"precompiled.h" /Fp".\ScriptDev2__x64_Release\mangosscript.pch" /Fo".\ScriptDev2__x64_Release\\" /Fd".\ScriptDev2__x64_Release\vc100.pdb" /Gd /TP /errorReport:prompt ..\include\precompiled.cpp /MP 
         precompiled.cpp
     1>C:\Users\Michael\Desktop\Core_Storage\Core_021411\dep\ACE_wrappers\ace/OS_NS_unistd.inl(1016): warning C4244: 'argument' : conversion from 'ssize_t' to 'int', possible loss of data
         C:\Program Files (x86)\Microsoft Visual Studio 10.0\VC\bin\x86_amd64\CL.exe /c /I..\..\..\..\dep\include\ /I..\..\..\shared\ /I..\..\..\framework\ /I..\..\..\game\ /I..\include\ /I..\base\ /I..\..\..\..\dep\ACE_wrappers\ /Zi /nologo /W3 /WX- /O2 /D WIN32 /D NDEBUG /D _WINDOWS /D _USRDLL /D SCRIPT /D _SECURE_SCL=0 /D _VC80_UPGRADE=0x0710 /D _WINDLL /D _MBCS /GF /Gm- /EHsc /MD /GS /Gy /fp:precise /Zc:wchar_t /Zc:forScope /GR /Yu"precompiled.h" /Fp".\ScriptDev2__x64_Release\mangosscript.pch" /Fo".\ScriptDev2__x64_Release\\" /Fd".\ScriptDev2__x64_Release\vc100.pdb" /Gd /TP /errorReport:prompt ..\base\BSW_ai.cpp ..\base\BSW_instance.cpp ..\base\escort_ai.cpp ..\base\follower_ai.cpp ..\base\guard_ai.cpp ..\base\pet_ai.cpp ..\base\simple_ai.cpp ..\scripts\battlegrounds\alterac_valley\boss_balinda.cpp ..\scripts\battlegrounds\alterac_valley\boss_drekthar.cpp ..\scripts\battlegrounds\alterac_valley\boss_galvangar.cpp ..\scripts\battlegrounds\alterac_valley\boss_vanndar.cpp ..\scripts\battlegrounds\battleground.cpp ..\scripts\battlegrounds\battlegroundSA.cpp ..\scripts\custom\boss_pvp.cpp ..\scripts\custom\boss_razor.cpp ..\scripts\custom\custom_boss.cpp ..\scripts\custom\custom_boss_chen.cpp ..\scripts\custom\custom_gameobjects.cpp ..\scripts\custom\custom_items.cpp ..\scripts\custom\custom_npc_buffmaster.cpp ..\scripts\custom\custom_npc_guildmaster.cpp ..\scripts\custom\custom_npc_news.cpp ..\scripts\custom\custom_npc_professionmaster.cpp ..\scripts\custom\custom_npc_renamecharacter.cpp ..\scripts\custom\custom_npc_resetinstance.cpp ..\scripts\custom\custom_npc_resetlevel.cpp ..\scripts\custom\custom_npc_spellmaster.cpp ..\scripts\custom\custom_npc_teleportmaster.cpp ..\scripts\custom\custom_npc_titlemaster.cpp ..\scripts\custom\custom_npc_tokenvendor.cpp ..\scripts\custom\custom_script_training_dummy.cpp ..\scripts\custom\npc_arena_honor.cpp ..\scripts\custom\teleguy.cpp ..\scripts\eastern_kingdoms\alterac_mountains.cpp ..\scripts\eastern_kingdoms\arathi_highlands.cpp ..\scripts\eastern_kingdoms\blackrock_spire\boss_drakkisath.cpp ..\scripts\eastern_kingdoms\blackrock_spire\boss_gyth.cpp ..\scripts\eastern_kingdoms\blackrock_spire\boss_halycon.cpp ..\scripts\eastern_kingdoms\blackrock_spire\boss_highlord_omokk.cpp ..\scripts\eastern_kingdoms\blackrock_spire\boss_mother_smolderweb.cpp ..\scripts\eastern_kingdoms\blackrock_spire\boss_overlord_wyrmthalak.cpp ..\scripts\eastern_kingdoms\blackrock_spire\boss_pyroguard_emberseer.cpp ..\scripts\eastern_kingdoms\blackrock_spire\boss_quartermaster_zigris.cpp ..\scripts\eastern_kingdoms\blackrock_spire\boss_rend_blackhand.cpp ..\scripts\eastern_kingdoms\blackrock_spire\boss_shadow_hunter_voshgajin.cpp ..\scripts\eastern_kingdoms\blackrock_spire\boss_the_beast.cpp ..\scripts\eastern_kingdoms\blackrock_spire\boss_warmaster_voone.cpp ..\scripts\eastern_kingdoms\blackrock_spire\instance_blackrock_spire.cpp ..\scripts\eastern_kingdoms\blasted_lands.cpp ..\scripts\eastern_kingdoms\boss_kruul.cpp ..\scripts\eastern_kingdoms\burning_steppes.cpp ..\scripts\eastern_kingdoms\dun_morogh.cpp ..\scripts\eastern_kingdoms\eastern_plaguelands.cpp ..\scripts\eastern_kingdoms\elwynn_forest.cpp ..\scripts\eastern_kingdoms\eversong_woods.cpp ..\scripts\eastern_kingdoms\ghostlands.cpp ..\scripts\eastern_kingdoms\hinterlands.cpp ..\scripts\eastern_kingdoms\ironforge.cpp ..\scripts\eastern_kingdoms\isle_of_queldanas.cpp ..\scripts\eastern_kingdoms\loch_modan.cpp ..\scripts\eastern_kingdoms\redridge_mountains.cpp ..\scripts\eastern_kingdoms\scholomance\boss_darkmaster_gandling.cpp ..\scripts\eastern_kingdoms\scholomance\boss_death_knight_darkreaver.cpp ..\scripts\eastern_kingdoms\scholomance\boss_doctor_theolen_krastinov.cpp ..\scripts\eastern_kingdoms\scholomance\boss_illucia_barov.cpp ..\scripts\eastern_kingdoms\scholomance\boss_instructor_malicia.cpp ..\scripts\eastern_kingdoms\scholomance\boss_jandice_barov.cpp ..\scripts\eastern_kingdoms\scholomance\boss_kormok.cpp ..\scripts\eastern_kingdoms\scholomance\boss_lord_alexei_barov.cpp ..\scripts\eastern_kingdoms\scholomance\boss_lorekeeper_polkelt.cpp ..\scripts\eastern_kingdoms\scholomance\boss_ras_frostwhisper.cpp ..\scripts\eastern_kingdoms\scholomance\boss_the_ravenian.cpp ..\scripts\eastern_kingdoms\scholomance\boss_vectus.cpp ..\scripts\eastern_kingdoms\scholomance\instance_scholomance.cpp ..\scripts\eastern_kingdoms\searing_gorge.cpp ..\scripts\eastern_kingdoms\silvermoon_city.cpp ..\scripts\eastern_kingdoms\silverpine_forest.cpp ..\scripts\eastern_kingdoms\stormwind_city.cpp ..\scripts\eastern_kingdoms\stranglethorn_vale.cpp ..\scripts\eastern_kingdoms\sunwell_plateau\boss_muru_entropius.cpp ..\scripts\eastern_kingdoms\swamp_of_sorrows.cpp ..\scripts\eastern_kingdoms\tirisfal_glades.cpp ..\scripts\eastern_kingdoms\undercity.cpp ..\scripts\eastern_kingdoms\western_plaguelands.cpp ..\scripts\eastern_kingdoms\westfall.cpp ..\scripts\eastern_kingdoms\wetlands.cpp ..\scripts\eastern_kingdoms\blackrock_depths\blackrock_depths.cpp ..\scripts\eastern_kingdoms\blackrock_depths\boss_ambassador_flamelash.cpp ..\scripts\eastern_kingdoms\blackrock_depths\boss_anubshiah.cpp ..\scripts\eastern_kingdoms\blackrock_depths\boss_coren_direbrew.cpp ..\scripts\eastern_kingdoms\blackrock_depths\boss_emperor_dagran_thaurissan.cpp ..\scripts\eastern_kingdoms\blackrock_depths\boss_general_angerforge.cpp ..\scripts\eastern_kingdoms\blackrock_depths\boss_gorosh_the_dervish.cpp ..\scripts\eastern_kingdoms\blackrock_depths\boss_grizzle.cpp ..\scripts\eastern_kingdoms\blackrock_depths\boss_high_interrogator_gerstahn.cpp ..\scripts\eastern_kingdoms\blackrock_depths\boss_magmus.cpp ..\scripts\eastern_kingdoms\blackrock_depths\boss_tomb_of_seven.cpp ..\scripts\eastern_kingdoms\blackrock_depths\instance_blackrock_depths.cpp ..\scripts\eastern_kingdoms\blackwing_lair\boss_broodlord_lashlayer.cpp ..\scripts\eastern_kingdoms\blackwing_lair\boss_chromaggus.cpp ..\scripts\eastern_kingdoms\blackwing_lair\boss_ebonroc.cpp ..\scripts\eastern_kingdoms\blackwing_lair\boss_firemaw.cpp ..\scripts\eastern_kingdoms\blackwing_lair\boss_flamegor.cpp ..\scripts\eastern_kingdoms\blackwing_lair\boss_nefarian.cpp ..\scripts\eastern_kingdoms\blackwing_lair\boss_razorgore.cpp ..\scripts\eastern_kingdoms\blackwing_lair\boss_vaelastrasz.cpp ..\scripts\eastern_kingdoms\blackwing_lair\boss_victor_nefarius.cpp ..\scripts\eastern_kingdoms\blackwing_lair\instance_blackwing_lair.cpp ..\scripts\eastern_kingdoms\deadmines\deadmines.cpp ..\scripts\eastern_kingdoms\deadmines\instance_deadmines.cpp ..\scripts\eastern_kingdoms\gnomeregan\boss_thermaplugg.cpp ..\scripts\eastern_kingdoms\gnomeregan\gnomeregan.cpp ..\scripts\eastern_kingdoms\gnomeregan\instance_gnomeregan.cpp ..\scripts\eastern_kingdoms\karazhan\boss_curator.cpp ..\scripts\eastern_kingdoms\karazhan\boss_maiden_of_virtue.cpp ..\scripts\eastern_kingdoms\karazhan\boss_midnight.cpp ..\scripts\eastern_kingdoms\karazhan\boss_moroes.cpp ..\scripts\eastern_kingdoms\karazhan\boss_netherspite.cpp ..\scripts\eastern_kingdoms\karazhan\boss_nightbane.cpp ..\scripts\eastern_kingdoms\karazhan\boss_prince_malchezaar.cpp ..\scripts\eastern_kingdoms\karazhan\boss_shade_of_aran.cpp ..\scripts\eastern_kingdoms\karazhan\boss_terestian_illhoof.cpp ..\scripts\eastern_kingdoms\karazhan\bosses_opera.cpp ..\scripts\eastern_kingdoms\karazhan\chess_event.cpp ..\scripts\eastern_kingdoms\karazhan\instance_karazhan.cpp ..\scripts\eastern_kingdoms\karazhan\karazhan.cpp ..\scripts\eastern_kingdoms\magisters_terrace\boss_felblood_kaelthas.cpp ..\scripts\eastern_kingdoms\magisters_terrace\boss_priestess_delrissa.cpp ..\scripts\eastern_kingdoms\magisters_terrace\boss_selin_fireheart.cpp ..\scripts\eastern_kingdoms\magisters_terrace\boss_vexallus.cpp ..\scripts\eastern_kingdoms\magisters_terrace\instance_magisters_terrace.cpp ..\scripts\eastern_kingdoms\magisters_terrace\magisters_terrace.cpp ..\scripts\eastern_kingdoms\molten_core\boss_baron_geddon.cpp ..\scripts\eastern_kingdoms\molten_core\boss_garr.cpp ..\scripts\eastern_kingdoms\molten_core\boss_gehennas.cpp ..\scripts\eastern_kingdoms\molten_core\boss_golemagg.cpp ..\scripts\eastern_kingdoms\molten_core\boss_lucifron.cpp ..\scripts\eastern_kingdoms\molten_core\boss_magmadar.cpp ..\scripts\eastern_kingdoms\molten_core\boss_majordomo_executus.cpp ..\scripts\eastern_kingdoms\molten_core\boss_ragnaros.cpp ..\scripts\eastern_kingdoms\molten_core\boss_shazzrah.cpp ..\scripts\eastern_kingdoms\molten_core\boss_sulfuron_harbinger.cpp ..\scripts\eastern_kingdoms\molten_core\instance_molten_core.cpp ..\scripts\eastern_kingdoms\molten_core\molten_core.cpp ..\scripts\eastern_kingdoms\scarlet_enclave\ebon_hold.cpp ..\scripts\eastern_kingdoms\scarlet_monastery\boss_arcanist_doan.cpp ..\scripts\eastern_kingdoms\scarlet_monastery\boss_azshir_the_sleepless.cpp ..\scripts\eastern_kingdoms\scarlet_monastery\boss_bloodmage_thalnos.cpp ..\scripts\eastern_kingdoms\scarlet_monastery\boss_headless_horseman.cpp ..\scripts\eastern_kingdoms\scarlet_monastery\boss_herod.cpp ..\scripts\eastern_kingdoms\scarlet_monastery\boss_high_inquisitor_fairbanks.cpp ..\scripts\eastern_kingdoms\scarlet_monastery\boss_houndmaster_loksey.cpp ..\scripts\eastern_kingdoms\scarlet_monastery\boss_interrogator_vishas.cpp ..\scripts\eastern_kingdoms\scarlet_monastery\boss_mograine_and_whitemane.cpp ..\scripts\eastern_kingdoms\scarlet_monastery\boss_scorn.cpp ..\scripts\eastern_kingdoms\scarlet_monastery\instance_scarlet_monastery.cpp ..\scripts\eastern_kingdoms\shadowfang_keep\boss_hummel.cpp ..\scripts\eastern_kingdoms\shadowfang_keep\instance_shadowfang_keep.cpp ..\scripts\eastern_kingdoms\shadowfang_keep\shadowfang_keep.cpp ..\scripts\eastern_kingdoms\stratholme\boss_baron_rivendare.cpp ..\scripts\eastern_kingdoms\stratholme\boss_baroness_anastari.cpp ..\scripts\eastern_kingdoms\stratholme\boss_cannon_master_willey.cpp ..\scripts\eastern_kingdoms\stratholme\boss_dathrohan_balnazzar.cpp ..\scripts\eastern_kingdoms\stratholme\boss_magistrate_barthilas.cpp ..\scripts\eastern_kingdoms\stratholme\boss_maleki_the_pallid.cpp ..\scripts\eastern_kingdoms\stratholme\boss_nerubenkan.cpp ..\scripts\eastern_kingdoms\stratholme\boss_order_of_silver_hand.cpp ..\scripts\eastern_kingdoms\stratholme\boss_postmaster_malown.cpp ..\scripts\eastern_kingdoms\stratholme\boss_ramstein_the_gorger.cpp ..\scripts\eastern_kingdoms\stratholme\boss_timmy_the_cruel.cpp ..\scripts\eastern_kingdoms\stratholme\instance_stratholme.cpp ..\scripts\eastern_kingdoms\stratholme\stratholme.cpp ..\scripts\eastern_kingdoms\sunken_temple\instance_sunken_temple.cpp ..\scripts\eastern_kingdoms\sunken_temple\sunken_temple.cpp ..\scripts\eastern_kingdoms\sunwell_plateau\boss_brutallus.cpp ..\scripts\eastern_kingdoms\sunwell_plateau\boss_eredar_twins.cpp ..\scripts\eastern_kingdoms\sunwell_plateau\boss_felmyst.cpp ..\scripts\eastern_kingdoms\sunwell_plateau\boss_kalecgos.cpp ..\scripts\eastern_kingdoms\sunwell_plateau\boss_kiljaeden.cpp ..\scripts\eastern_kingdoms\sunwell_plateau\boss_muru.cpp ..\scripts\eastern_kingdoms\sunwell_plateau\instance_sunwell_plateau.cpp ..\scripts\eastern_kingdoms\uldaman\boss_archaedas.cpp ..\scripts\eastern_kingdoms\uldaman\uldaman.cpp ..\scripts\eastern_kingdoms\uldaman\instance_uldaman.cpp ..\scripts\eastern_kingdoms\zulaman\boss_akilzon.cpp ..\scripts\eastern_kingdoms\zulaman\boss_halazzi.cpp ..\scripts\eastern_kingdoms\zulaman\boss_janalai.cpp ..\scripts\eastern_kingdoms\zulaman\boss_malacrass.cpp ..\scripts\eastern_kingdoms\zulaman\boss_nalorakk.cpp ..\scripts\eastern_kingdoms\zulaman\boss_zuljin.cpp ..\scripts\eastern_kingdoms\zulaman\instance_zulaman.cpp ..\scripts\eastern_kingdoms\zulaman\zulaman.cpp ..\scripts\eastern_kingdoms\zulgurub\boss_arlokk.cpp ..\scripts\eastern_kingdoms\zulgurub\boss_gahzranka.cpp ..\scripts\eastern_kingdoms\zulgurub\boss_grilek.cpp ..\scripts\eastern_kingdoms\zulgurub\boss_hakkar.cpp ..\scripts\eastern_kingdoms\zulgurub\boss_hazzarah.cpp ..\scripts\eastern_kingdoms\zulgurub\boss_jeklik.cpp ..\scripts\eastern_kingdoms\zulgurub\boss_jindo.cpp ..\scripts\eastern_kingdoms\zulgurub\boss_mandokir.cpp ..\scripts\eastern_kingdoms\zulgurub\boss_marli.cpp ..\scripts\eastern_kingdoms\zulgurub\boss_renataki.cpp ..\scripts\eastern_kingdoms\zulgurub\boss_thekal.cpp ..\scripts\eastern_kingdoms\zulgurub\boss_venoxis.cpp ..\scripts\eastern_kingdoms\zulgurub\boss_wushoolay.cpp ..\scripts\eastern_kingdoms\zulgurub\instance_zulgurub.cpp ..\scripts\examples\example_creature.cpp ..\scripts\examples\example_escort.cpp ..\scripts\examples\example_gossip_codebox.cpp ..\scripts\examples\example_misc.cpp ..\scripts\guards\ancient_of_war.cpp ..\scripts\guards\archbishop_benedictus.cpp ..\scripts\guards\g_marcus_jonathan.cpp ..\scripts\guards\highlord_bolvar_fordragon.cpp ..\scripts\guards\high_fire_mage.cpp ..\scripts\guards\high_sorcerer_andromath.cpp ..\scripts\guards\officers.cpp ..\scripts\guards\overlord_saurfang.cpp ..\scripts\infinityAI\infinity_trash.cpp ..\scripts\kalimdor\ashenvale.cpp ..\scripts\kalimdor\azshara.cpp ..\scripts\kalimdor\azuremyst_isle.cpp ..\scripts\kalimdor\bloodmyst_isle.cpp ..\scripts\kalimdor\boss_azuregos.cpp ..\scripts\kalimdor\caverns_of_time\culling_of_stratholme\boss_infinite_corruptor.cpp ..\scripts\kalimdor\caverns_of_time\culling_of_stratholme\boss_lord_epoch.cpp ..\scripts\kalimdor\caverns_of_time\culling_of_stratholme\boss_malganis.cpp ..\scripts\kalimdor\caverns_of_time\culling_of_stratholme\boss_meathook.cpp ..\scripts\kalimdor\caverns_of_time\culling_of_stratholme\boss_salramm.cpp ..\scripts\kalimdor\caverns_of_time\culling_of_stratholme\culling_of_stratholmeai.cpp ..\scripts\kalimdor\caverns_of_time\culling_of_stratholme\trash_culling_of_stratholme.cpp ..\scripts\kalimdor\darkshore.cpp ..\scripts\kalimdor\desolace.cpp ..\scripts\kalimdor\dustwallow_marsh.cpp ..\scripts\kalimdor\felwood.cpp ..\scripts\kalimdor\feralas.cpp ..\scripts\kalimdor\moonglade.cpp ..\scripts\kalimdor\mulgore.cpp ..\scripts\kalimdor\orgrimmar.cpp ..\scripts\kalimdor\silithus.cpp ..\scripts\kalimdor\stonetalon_mountains.cpp ..\scripts\kalimdor\tanaris.cpp ..\scripts\kalimdor\teldrassil.cpp ..\scripts\kalimdor\the_barrens.cpp ..\scripts\kalimdor\thousand_needles.cpp ..\scripts\kalimdor\thunder_bluff.cpp ..\scripts\kalimdor\ungoro_crater.cpp ..\scripts\kalimdor\winterspring.cpp ..\scripts\kalimdor\blackfathom_deeps\instance_blackfathom_deeps.cpp ..\scripts\kalimdor\caverns_of_time\culling_of_stratholme\culling_of_stratholme.cpp ..\scripts\kalimdor\caverns_of_time\culling_of_stratholme\instance_culling_of_stratholme.cpp ..\scripts\kalimdor\caverns_of_time\dark_portal\boss_aeonus.cpp ..\scripts\kalimdor\caverns_of_time\dark_portal\boss_chrono_lord_deja.cpp ..\scripts\kalimdor\caverns_of_time\dark_portal\boss_temporus.cpp ..\scripts\kalimdor\caverns_of_time\dark_portal\dark_portal.cpp ..\scripts\kalimdor\caverns_of_time\dark_portal\instance_dark_portal.cpp ..\scripts\kalimdor\caverns_of_time\hyjal\boss_archimonde.cpp ..\scripts\kalimdor\caverns_of_time\hyjal\hyjal.cpp ..\scripts\kalimdor\caverns_of_time\hyjal\hyjalAI.cpp ..\scripts\kalimdor\caverns_of_time\hyjal\instance_hyjal.cpp ..\scripts\kalimdor\caverns_of_time\old_hillsbrad\boss_captain_skarloc.cpp ..\scripts\kalimdor\caverns_of_time\old_hillsbrad\boss_epoch_hunter.cpp ..\scripts\kalimdor\caverns_of_time\old_hillsbrad\boss_leutenant_drake.cpp ..\scripts\kalimdor\caverns_of_time\old_hillsbrad\instance_old_hillsbrad.cpp ..\scripts\kalimdor\caverns_of_time\old_hillsbrad\old_hillsbrad.cpp ..\scripts\kalimdor\dire_maul\dire_maul.cpp ..\scripts\kalimdor\dire_maul\instance_dire_maul.cpp ..\scripts\kalimdor\maraudon\boss_celebras_the_cursed.cpp ..\scripts\kalimdor\maraudon\boss_landslide.cpp ..\scripts\kalimdor\maraudon\boss_noxxion.cpp ..\scripts\kalimdor\maraudon\boss_princess_theradras.cpp ..\scripts\kalimdor\onyxias_lair\boss_onyxia.cpp ..\scripts\kalimdor\onyxias_lair\instance_onyxias_lair.cpp ..\scripts\kalimdor\razorfen_downs\boss_amnennar_the_coldbringer.cpp ..\scripts\kalimdor\razorfen_downs\razorfen_downs.cpp ..\scripts\kalimdor\razorfen_kraul\instance_razorfen_kraul.cpp ..\scripts\kalimdor\ruins_of_ahnqiraj\boss_ayamiss.cpp ..\scripts\kalimdor\ruins_of_ahnqiraj\boss_buru.cpp ..\scripts\kalimdor\ruins_of_ahnqiraj\boss_kurinnaxx.cpp ..\scripts\kalimdor\ruins_of_ahnqiraj\boss_moam.cpp ..\scripts\kalimdor\ruins_of_ahnqiraj\boss_ossirian.cpp ..\scripts\kalimdor\ruins_of_ahnqiraj\boss_rajaxx.cpp ..\scripts\kalimdor\ruins_of_ahnqiraj\instance_ruins_of_ahnqiraj.cpp ..\scripts\kalimdor\ruins_of_ahnqiraj\ruins_of_ahnqiraj.cpp ..\scripts\kalimdor\temple_of_ahnqiraj\boss_bug_trio.cpp ..\scripts\kalimdor\temple_of_ahnqiraj\boss_cthun.cpp ..\scripts\kalimdor\temple_of_ahnqiraj\boss_fankriss.cpp ..\scripts\kalimdor\temple_of_ahnqiraj\boss_huhuran.cpp ..\scripts\kalimdor\temple_of_ahnqiraj\boss_ouro.cpp ..\scripts\kalimdor\temple_of_ahnqiraj\boss_sartura.cpp ..\scripts\kalimdor\temple_of_ahnqiraj\boss_skeram.cpp ..\scripts\kalimdor\temple_of_ahnqiraj\boss_twinemperors.cpp ..\scripts\kalimdor\temple_of_ahnqiraj\boss_viscidus.cpp ..\scripts\kalimdor\temple_of_ahnqiraj\instance_temple_of_ahnqiraj.cpp ..\scripts\kalimdor\temple_of_ahnqiraj\mob_anubisath_sentinel.cpp ..\scripts\kalimdor\wailing_caverns\instance_wailing_caverns.cpp ..\scripts\kalimdor\wailing_caverns\wailing_caverns.cpp ..\scripts\kalimdor\zulfarrak\boss_zumrah.cpp ..\scripts\kalimdor\zulfarrak\instance_zulfarrak.cpp ..\scripts\kalimdor\zulfarrak\zulfarrak.cpp ..\scripts\northrend\borean_tundra.cpp ..\scripts\northrend\dalaran.cpp ..\scripts\northrend\dragonblight.cpp ..\scripts\northrend\grizzly_hills.cpp ..\scripts\northrend\howling_fjord.cpp ..\scripts\northrend\icecrown.cpp ..\scripts\northrend\nexus\eye_of_eternity\instance_eye_of_eternity.cpp ..\scripts\northrend\sholazar_basin.cpp ..\scripts\northrend\storm_peaks.cpp ..\scripts\northrend\zuldrak.cpp "..\scripts\northrend\azjol-nerub\ahnkahet\boss_jedoga.cpp" "..\scripts\northrend\azjol-nerub\ahnkahet\boss_nadox.cpp" "..\scripts\northrend\azjol-nerub\ahnkahet\boss_taldaram.cpp" "..\scripts\northrend\azjol-nerub\ahnkahet\boss_volazj.cpp" "..\scripts\northrend\azjol-nerub\ahnkahet\instance_ahnkahet.cpp" "..\scripts\northrend\azjol-nerub\azjol-nerub\boss_anubarak.cpp" "..\scripts\northrend\azjol-nerub\azjol-nerub\boss_hadronox.cpp" "..\scripts\northrend\azjol-nerub\azjol-nerub\boss_krikthir.cpp" "..\scripts\northrend\azjol-nerub\azjol-nerub\instance_azjol-nerub.cpp" ..\scripts\northrend\crusaders_coliseum\trial_of_the_champion\boss_argent_challenge.cpp ..\scripts\northrend\crusaders_coliseum\trial_of_the_champion\boss_black_knight.cpp ..\scripts\northrend\crusaders_coliseum\trial_of_the_champion\boss_grand_champions.cpp ..\scripts\northrend\crusaders_coliseum\trial_of_the_champion\instance_trial_of_the_champion.cpp ..\scripts\northrend\crusaders_coliseum\trial_of_the_champion\trial_of_the_champion.cpp ..\scripts\northrend\crusaders_coliseum\trial_of_the_crusader\boss_anubarak_trial.cpp ..\scripts\northrend\crusaders_coliseum\trial_of_the_crusader\boss_faction_champions.cpp ..\scripts\northrend\crusaders_coliseum\trial_of_the_crusader\boss_jaraxxus.cpp ..\scripts\northrend\crusaders_coliseum\trial_of_the_crusader\boss_northrend_beasts.cpp ..\scripts\northrend\crusaders_coliseum\trial_of_the_crusader\boss_twin_valkyr.cpp ..\scripts\northrend\crusaders_coliseum\trial_of_the_crusader\instance_trial_of_the_crusader.cpp ..\scripts\northrend\crusaders_coliseum\trial_of_the_crusader\trial_of_the_crusader.cpp ..\scripts\northrend\draktharon_keep\boss_dred.cpp ..\scripts\northrend\draktharon_keep\boss_novos.cpp ..\scripts\northrend\draktharon_keep\boss_tharonja.cpp ..\scripts\northrend\draktharon_keep\boss_trollgore.cpp ..\scripts\northrend\draktharon_keep\instance_draktharon_keep.cpp ..\scripts\northrend\gundrak\boss_colossus.cpp ..\scripts\northrend\gundrak\boss_eck.cpp ..\scripts\northrend\gundrak\boss_galdarah.cpp ..\scripts\northrend\gundrak\boss_moorabi.cpp ..\scripts\northrend\gundrak\boss_sladran.cpp ..\scripts\northrend\gundrak\instance_gundrak.cpp ..\scripts\northrend\icecrown_citadel\frozen_halls\forge_of_souls\boss_bronjahm.cpp ..\scripts\northrend\icecrown_citadel\frozen_halls\forge_of_souls\boss_devourer_of_souls.cpp ..\scripts\northrend\icecrown_citadel\frozen_halls\forge_of_souls\forge_of_souls.cpp ..\scripts\northrend\icecrown_citadel\frozen_halls\forge_of_souls\instance_forge_of_souls.cpp ..\scripts\northrend\icecrown_citadel\frozen_halls\forge_of_souls\trash_forge_of_souls.cpp ..\scripts\northrend\icecrown_citadel\frozen_halls\halls_of_reflection\boss_falric.cpp ..\scripts\northrend\icecrown_citadel\frozen_halls\halls_of_reflection\boss_lich_king.cpp ..\scripts\northrend\icecrown_citadel\frozen_halls\halls_of_reflection\boss_marwyn.cpp ..\scripts\northrend\icecrown_citadel\frozen_halls\halls_of_reflection\halls_of_reflection.cpp ..\scripts\northrend\icecrown_citadel\frozen_halls\halls_of_reflection\instance_halls_of_reflection.cpp ..\scripts\northrend\icecrown_citadel\frozen_halls\pit_of_saron\boss_forgemaster_garfrost.cpp ..\scripts\northrend\icecrown_citadel\frozen_halls\pit_of_saron\boss_krick_and_ick.cpp ..\scripts\northrend\icecrown_citadel\frozen_halls\pit_of_saron\boss_scourgelord_tyrannus.cpp ..\scripts\northrend\icecrown_citadel\frozen_halls\pit_of_saron\instance_pit_of_saron.cpp ..\scripts\northrend\icecrown_citadel\frozen_halls\pit_of_saron\pit_of_saron.cpp ..\scripts\northrend\icecrown_citadel\icecrown_citadel\blood_prince_council.cpp ..\scripts\northrend\icecrown_citadel\icecrown_citadel\boss_blood_queen_lanathel.cpp ..\scripts\northrend\icecrown_citadel\icecrown_citadel\boss_deathbringer_saurfang.cpp ..\scripts\northrend\icecrown_citadel\icecrown_citadel\boss_festergut.cpp ..\scripts\northrend\icecrown_citadel\icecrown_citadel\boss_lady_deathwhisper.cpp ..\scripts\northrend\icecrown_citadel\icecrown_citadel\boss_lord_marrowgar.cpp ..\scripts\northrend\icecrown_citadel\icecrown_citadel\boss_professor_putricide.cpp ..\scripts\northrend\icecrown_citadel\icecrown_citadel\boss_rotface.cpp ..\scripts\northrend\icecrown_citadel\icecrown_citadel\boss_sindragosa.cpp ..\scripts\northrend\icecrown_citadel\icecrown_citadel\boss_the_lich_king.cpp ..\scripts\northrend\icecrown_citadel\icecrown_citadel\boss_valithria_dreamwalker.cpp ..\scripts\northrend\icecrown_citadel\icecrown_citadel\gunship_battle.cpp ..\scripts\northrend\icecrown_citadel\icecrown_citadel\icecrown_spire.cpp ..\scripts\northrend\icecrown_citadel\icecrown_citadel\icecrown_teleport.cpp ..\scripts\northrend\icecrown_citadel\icecrown_citadel\instance_icecrown_spire.cpp ..\scripts\northrend\icecrown_citadel\icecrown_citadel\instance_icecrown_citadel.cpp ..\scripts\northrend\naxxramas\boss_anubrekhan.cpp ..\scripts\northrend\naxxramas\boss_faerlina.cpp ..\scripts\northrend\naxxramas\boss_four_horsemen.cpp ..\scripts\northrend\naxxramas\boss_gluth.cpp ..\scripts\northrend\naxxramas\boss_gothik.cpp ..\scripts\northrend\naxxramas\boss_grobbulus.cpp ..\scripts\northrend\naxxramas\boss_heigan.cpp ..\scripts\northrend\naxxramas\boss_kelthuzad.cpp ..\scripts\northrend\naxxramas\boss_loatheb.cpp ..\scripts\northrend\naxxramas\boss_maexxna.cpp ..\scripts\northrend\naxxramas\boss_noth.cpp ..\scripts\northrend\naxxramas\boss_patchwerk.cpp ..\scripts\northrend\naxxramas\boss_razuvious.cpp ..\scripts\northrend\naxxramas\boss_sapphiron.cpp ..\scripts\northrend\naxxramas\boss_thaddius.cpp ..\scripts\northrend\naxxramas\instance_naxxramas.cpp ..\scripts\northrend\nexus\eye_of_eternity\boss_malygos.cpp ..\scripts\northrend\nexus\nexus\boss_anomalus.cpp ..\scripts\northrend\nexus\nexus\boss_keristrasza.cpp ..\scripts\northrend\nexus\nexus\boss_ormorok.cpp ..\scripts\northrend\nexus\nexus\boss_telestra.cpp ..\scripts\northrend\nexus\nexus\commander_kolurg.cpp ..\scripts\northrend\nexus\nexus\commander_stoutbeard.cpp ..\scripts\northrend\nexus\nexus\instance_nexus.cpp ..\scripts\northrend\nexus\oculus\oculus.cpp ..\scripts\northrend\nexus\oculus\instance_oculus.cpp ..\scripts\northrend\nexus\oculus\boss_drakos.cpp ..\scripts\northrend\nexus\oculus\boss_varos.cpp ..\scripts\northrend\nexus\oculus\boss_urom.cpp ..\scripts\northrend\nexus\oculus\boss_eregos.cpp ..\scripts\northrend\obsidian_sanctum\boss_sartharion.cpp ..\scripts\northrend\obsidian_sanctum\instance_obsidian_sanctum.cpp ..\scripts\northrend\ruby_sanctum\boss_baltharus.cpp ..\scripts\northrend\ruby_sanctum\boss_halion.cpp ..\scripts\northrend\ruby_sanctum\boss_saviana.cpp ..\scripts\northrend\ruby_sanctum\boss_zarithrian.cpp ..\scripts\northrend\ruby_sanctum\instance_ruby_sanctum.cpp ..\scripts\northrend\ruby_sanctum\ruby_sanctum.cpp ..\scripts\northrend\ulduar\halls_of_lightning\boss_bjarngrim.cpp ..\scripts\northrend\ulduar\halls_of_lightning\boss_ionar.cpp ..\scripts\northrend\ulduar\halls_of_lightning\boss_loken.cpp ..\scripts\northrend\ulduar\halls_of_lightning\boss_volkhan.cpp ..\scripts\northrend\ulduar\halls_of_lightning\instance_halls_of_lightning.cpp ..\scripts\northrend\ulduar\halls_of_stone\boss_krystallus.cpp ..\scripts\northrend\ulduar\halls_of_stone\boss_maiden_of_grief.cpp ..\scripts\northrend\ulduar\halls_of_stone\boss_sjonnir.cpp ..\scripts\northrend\ulduar\halls_of_stone\halls_of_stone.cpp ..\scripts\northrend\ulduar\halls_of_stone\instance_halls_of_stone.cpp ..\scripts\northrend\ulduar\ulduar\boss_algalon.cpp ..\scripts\northrend\ulduar\ulduar\boss_auriaya.cpp ..\scripts\northrend\ulduar\ulduar\boss_freya.cpp ..\scripts\northrend\ulduar\ulduar\boss_hodir.cpp ..\scripts\northrend\ulduar\ulduar\boss_ignis.cpp ..\scripts\northrend\ulduar\ulduar\boss_iron_council.cpp ..\scripts\northrend\ulduar\ulduar\boss_kologarn.cpp ..\scripts\northrend\ulduar\ulduar\boss_leviathan.cpp ..\scripts\northrend\ulduar\ulduar\boss_mimiron.cpp ..\scripts\northrend\ulduar\ulduar\boss_razorscale.cpp ..\scripts\northrend\ulduar\ulduar\boss_thorim.cpp ..\scripts\northrend\ulduar\ulduar\boss_vezax.cpp ..\scripts\northrend\ulduar\ulduar\boss_xt002.cpp ..\scripts\northrend\ulduar\ulduar\boss_yogg_saron.cpp ..\scripts\northrend\ulduar\ulduar\instance_ulduar.cpp ..\scripts\northrend\ulduar\ulduar\ulduar.cpp ..\scripts\northrend\ulduar\ulduar\ulduar_teleport.cpp ..\scripts\northrend\utgarde_keep\utgarde_keep\boss_ingvar.cpp ..\scripts\northrend\utgarde_keep\utgarde_keep\boss_keleseth.cpp ..\scripts\northrend\utgarde_keep\utgarde_keep\boss_skarvald_and_dalronn.cpp ..\scripts\northrend\utgarde_keep\utgarde_keep\instance_utgarde_keep.cpp ..\scripts\northrend\utgarde_keep\utgarde_keep\utgarde_keep.cpp ..\scripts\northrend\utgarde_keep\utgarde_pinnacle\boss_gortok.cpp ..\scripts\northrend\utgarde_keep\utgarde_pinnacle\boss_skadi.cpp ..\scripts\northrend\utgarde_keep\utgarde_pinnacle\boss_svala.cpp ..\scripts\northrend\utgarde_keep\utgarde_pinnacle\boss_ymiron.cpp ..\scripts\northrend\utgarde_keep\utgarde_pinnacle\instance_utgarde_pinnacle.cpp ..\scripts\northrend\vault_of_archavon\boss_archavon.cpp ..\scripts\northrend\vault_of_archavon\boss_emalon.cpp ..\scripts\northrend\vault_of_archavon\boss_koralon.cpp ..\scripts\northrend\vault_of_archavon\boss_toravon.cpp ..\scripts\northrend\vault_of_archavon\instance_vault_of_archavon.cpp ..\scripts\northrend\violet_hold\boss_erekem.cpp ..\scripts\northrend\violet_hold\boss_ichoron.cpp ..\scripts\northrend\violet_hold\boss_cyanigosa.cpp ..\scripts\northrend\violet_hold\boss_lavanthor.cpp ..\scripts\northrend\violet_hold\boss_moragg.cpp ..\scripts\northrend\violet_hold\boss_xevozz.cpp ..\scripts\northrend\violet_hold\boss_zuramat.cpp ..\scripts\northrend\violet_hold\instance_violet_hold.cpp ..\scripts\northrend\violet_hold\violet_hold.cpp ..\scripts\outland\blades_edge_mountains.cpp ..\scripts\outland\boss_doomlord_kazzak.cpp ..\scripts\outland\boss_doomwalker.cpp ..\scripts\outland\hellfire_peninsula.cpp ..\scripts\outland\nagrand.cpp ..\scripts\outland\netherstorm.cpp ..\scripts\outland\shadowmoon_valley.cpp ..\scripts\outland\shattrath_city.cpp ..\scripts\outland\terokkar_forest.cpp ..\scripts\outland\zangarmarsh.cpp ..\scripts\outland\auchindoun\auchenai_crypts\boss_exarch_maladaar.cpp ..\scripts\outland\auchindoun\auchenai_crypts\boss_shirrak.cpp ..\scripts\outland\auchindoun\mana_tombs\boss_nexusprince_shaffar.cpp ..\scripts\outland\auchindoun\mana_tombs\boss_pandemonius.cpp ..\scripts\outland\auchindoun\sethekk_halls\boss_anzu.cpp ..\scripts\outland\auchindoun\sethekk_halls\boss_darkweaver_syth.cpp ..\scripts\outland\auchindoun\sethekk_halls\boss_talon_king_ikiss.cpp ..\scripts\outland\auchindoun\sethekk_halls\instance_sethekk_halls.cpp ..\scripts\outland\auchindoun\shadow_labyrinth\boss_ambassador_hellmaw.cpp ..\scripts\outland\auchindoun\shadow_labyrinth\boss_blackheart_the_inciter.cpp ..\scripts\outland\auchindoun\shadow_labyrinth\boss_grandmaster_vorpil.cpp ..\scripts\outland\auchindoun\shadow_labyrinth\boss_murmur.cpp ..\scripts\outland\auchindoun\shadow_labyrinth\instance_shadow_labyrinth.cpp ..\scripts\outland\black_temple\black_temple.cpp ..\scripts\outland\black_temple\boss_bloodboil.cpp ..\scripts\outland\black_temple\boss_illidan.cpp ..\scripts\outland\black_temple\boss_mother_shahraz.cpp ..\scripts\outland\black_temple\boss_reliquary_of_souls.cpp ..\scripts\outland\black_temple\boss_shade_of_akama.cpp ..\scripts\outland\black_temple\boss_supremus.cpp ..\scripts\outland\black_temple\boss_teron_gorefiend.cpp ..\scripts\outland\black_temple\boss_warlord_najentus.cpp ..\scripts\outland\black_temple\illidari_council.cpp ..\scripts\outland\black_temple\instance_black_temple.cpp ..\scripts\outland\coilfang_reservoir\serpent_shrine\boss_fathomlord_karathress.cpp ..\scripts\outland\coilfang_reservoir\serpent_shrine\boss_hydross_the_unstable.cpp ..\scripts\outland\coilfang_reservoir\serpent_shrine\boss_lady_vashj.cpp ..\scripts\outland\coilfang_reservoir\serpent_shrine\boss_leotheras_the_blind.cpp ..\scripts\outland\coilfang_reservoir\serpent_shrine\boss_morogrim_tidewalker.cpp ..\scripts\outland\coilfang_reservoir\serpent_shrine\boss_the_lurker_below.cpp ..\scripts\outland\coilfang_reservoir\serpent_shrine\instance_serpent_shrine.cpp ..\scripts\outland\coilfang_reservoir\slave_pens\boss_ahune.cpp ..\scripts\outland\coilfang_reservoir\steam_vault\boss_hydromancer_thespia.cpp ..\scripts\outland\coilfang_reservoir\steam_vault\boss_mekgineer_steamrigger.cpp ..\scripts\outland\coilfang_reservoir\steam_vault\boss_warlord_kalithresh.cpp ..\scripts\outland\coilfang_reservoir\steam_vault\instance_steam_vault.cpp ..\scripts\outland\coilfang_reservoir\underbog\boss_hungarfen.cpp ..\scripts\outland\gruuls_lair\boss_gruul.cpp ..\scripts\outland\gruuls_lair\boss_high_king_maulgar.cpp ..\scripts\outland\gruuls_lair\instance_gruuls_lair.cpp ..\scripts\outland\hellfire_citadel\blood_furnace\boss_broggok.cpp ..\scripts\outland\hellfire_citadel\blood_furnace\boss_kelidan_the_breaker.cpp ..\scripts\outland\hellfire_citadel\blood_furnace\boss_the_maker.cpp ..\scripts\outland\hellfire_citadel\blood_furnace\instance_blood_furnace.cpp ..\scripts\outland\hellfire_citadel\hellfire_ramparts\boss_nazan_and_vazruden.cpp ..\scripts\outland\hellfire_citadel\hellfire_ramparts\boss_omor_the_unscarred.cpp ..\scripts\outland\hellfire_citadel\hellfire_ramparts\boss_watchkeeper_gargolmar.cpp ..\scripts\outland\hellfire_citadel\hellfire_ramparts\instance_hellfire_ramparts.cpp ..\scripts\outland\hellfire_citadel\magtheridons_lair\boss_magtheridon.cpp ..\scripts\outland\hellfire_citadel\magtheridons_lair\instance_magtheridons_lair.cpp ..\scripts\outland\hellfire_citadel\shattered_halls\boss_nethekurse.cpp ..\scripts\outland\hellfire_citadel\shattered_halls\boss_warbringer_omrogg.cpp ..\scripts\outland\hellfire_citadel\shattered_halls\boss_warchief_kargath_bladefist.cpp ..\scripts\outland\hellfire_citadel\shattered_halls\instance_shattered_halls.cpp ..\scripts\outland\tempest_keep\arcatraz\arcatraz.cpp ..\scripts\outland\tempest_keep\arcatraz\boss_harbinger_skyriss.cpp ..\scripts\outland\tempest_keep\arcatraz\instance_arcatraz.cpp ..\scripts\outland\tempest_keep\botanica\boss_high_botanist_freywinn.cpp ..\scripts\outland\tempest_keep\botanica\boss_laj.cpp ..\scripts\outland\tempest_keep\botanica\boss_warp_splinter.cpp ..\scripts\outland\tempest_keep\the_eye\boss_astromancer.cpp ..\scripts\outland\tempest_keep\the_eye\boss_kaelthas.cpp ..\scripts\outland\tempest_keep\the_eye\boss_void_reaver.cpp ..\scripts\outland\tempest_keep\the_eye\instance_the_eye.cpp ..\scripts\outland\tempest_keep\the_eye\the_eye.cpp ..\scripts\outland\tempest_keep\the_mechanar\boss_gatewatcher_gyrokill.cpp ..\scripts\outland\tempest_keep\the_mechanar\boss_gatewatcher_ironhand.cpp ..\scripts\outland\tempest_keep\the_mechanar\boss_nethermancer_sepethrea.cpp ..\scripts\outland\tempest_keep\the_mechanar\boss_pathaleon_the_calculator.cpp ..\scripts\outland\tempest_keep\the_mechanar\instance_mechanar.cpp ..\scripts\world\areatrigger_scripts.cpp ..\scripts\world\boss_emeriss.cpp ..\scripts\world\boss_lethon.cpp ..\scripts\world\boss_taerar.cpp ..\scripts\world\boss_ysondre.cpp ..\scripts\world\go_scripts.cpp ..\scripts\world\guards.cpp ..\scripts\world\item_scripts.cpp ..\scripts\world\mob_generic_creature.cpp ..\scripts\world\npc_professions.cpp ..\scripts\world\npcs_special.cpp ..\scripts\world\pet_scripts.cpp ..\scripts\world\spell_scripts.cpp ..\include\sc_creature.cpp ..\include\sc_grid_searchers.cpp ..\include\sc_instance.cpp ..\system\ScriptLoader.cpp ..\system\system.cpp ..\ScriptMgr.cpp "..\scripts\northrend\azjol-nerub\ahnkahet\boss_amanitar.cpp" /MP 
         BSW_ai.cpp
         BSW_instance.cpp
         escort_ai.cpp
         follower_ai.cpp
         guard_ai.cpp
         pet_ai.cpp
         simple_ai.cpp
         boss_balinda.cpp
         boss_drekthar.cpp
         boss_galvangar.cpp
         boss_vanndar.cpp
         battleground.cpp
         battlegroundSA.cpp
         boss_pvp.cpp
         boss_razor.cpp
         custom_boss.cpp
         custom_boss_chen.cpp
         custom_gameobjects.cpp
         custom_items.cpp
         custom_npc_buffmaster.cpp
         custom_npc_guildmaster.cpp
         custom_npc_news.cpp
         custom_npc_professionmaster.cpp
         custom_npc_renamecharacter.cpp
         custom_npc_resetinstance.cpp
         custom_npc_resetlevel.cpp
         custom_npc_spellmaster.cpp
         custom_npc_teleportmaster.cpp
         custom_npc_titlemaster.cpp
         custom_npc_tokenvendor.cpp
         custom_script_training_dummy.cpp
         npc_arena_honor.cpp
         teleguy.cpp
         alterac_mountains.cpp
         arathi_highlands.cpp
         boss_drakkisath.cpp
         boss_gyth.cpp
         boss_halycon.cpp
         boss_highlord_omokk.cpp
         boss_mother_smolderweb.cpp
         boss_overlord_wyrmthalak.cpp
         boss_pyroguard_emberseer.cpp
         boss_quartermaster_zigris.cpp
         boss_rend_blackhand.cpp
         boss_shadow_hunter_voshgajin.cpp
         boss_the_beast.cpp
         boss_warmaster_voone.cpp
         instance_blackrock_spire.cpp
         blasted_lands.cpp
         boss_kruul.cpp
         burning_steppes.cpp
         dun_morogh.cpp
         eastern_plaguelands.cpp
         elwynn_forest.cpp
         eversong_woods.cpp
         ghostlands.cpp
         hinterlands.cpp
         ironforge.cpp
         isle_of_queldanas.cpp
         loch_modan.cpp
         redridge_mountains.cpp
         boss_darkmaster_gandling.cpp
         boss_death_knight_darkreaver.cpp
         boss_doctor_theolen_krastinov.cpp
         boss_illucia_barov.cpp
         boss_instructor_malicia.cpp
         boss_jandice_barov.cpp
         boss_kormok.cpp
         boss_lord_alexei_barov.cpp
         boss_lorekeeper_polkelt.cpp
         boss_ras_frostwhisper.cpp
         boss_the_ravenian.cpp
         boss_vectus.cpp
         instance_scholomance.cpp
         searing_gorge.cpp
         silvermoon_city.cpp
         silverpine_forest.cpp
         stormwind_city.cpp
         stranglethorn_vale.cpp
         boss_muru_entropius.cpp
         swamp_of_sorrows.cpp
         tirisfal_glades.cpp
         undercity.cpp
         western_plaguelands.cpp
         westfall.cpp
         wetlands.cpp
         blackrock_depths.cpp
         boss_ambassador_flamelash.cpp
         boss_anubshiah.cpp
         boss_coren_direbrew.cpp
         boss_emperor_dagran_thaurissan.cpp
         boss_general_angerforge.cpp
         boss_gorosh_the_dervish.cpp
         boss_grizzle.cpp
         boss_high_interrogator_gerstahn.cpp
         boss_magmus.cpp
         boss_tomb_of_seven.cpp
         instance_blackrock_depths.cpp
         boss_broodlord_lashlayer.cpp
         boss_chromaggus.cpp
         boss_ebonroc.cpp
         boss_firemaw.cpp
         boss_flamegor.cpp
         boss_nefarian.cpp
         boss_razorgore.cpp
         boss_vaelastrasz.cpp
         boss_victor_nefarius.cpp
         instance_blackwing_lair.cpp
         deadmines.cpp
         instance_deadmines.cpp
         boss_thermaplugg.cpp
         gnomeregan.cpp
         instance_gnomeregan.cpp
         boss_curator.cpp
         boss_maiden_of_virtue.cpp
         boss_midnight.cpp
         boss_moroes.cpp
         boss_netherspite.cpp
         boss_nightbane.cpp
         boss_prince_malchezaar.cpp
         boss_shade_of_aran.cpp
         boss_terestian_illhoof.cpp
         bosses_opera.cpp
         chess_event.cpp
         instance_karazhan.cpp
         karazhan.cpp
         boss_felblood_kaelthas.cpp
         boss_priestess_delrissa.cpp
         boss_selin_fireheart.cpp
         boss_vexallus.cpp
         instance_magisters_terrace.cpp
         magisters_terrace.cpp
         boss_baron_geddon.cpp
         boss_garr.cpp
         boss_gehennas.cpp
         boss_golemagg.cpp
         boss_lucifron.cpp
         boss_magmadar.cpp
         boss_majordomo_executus.cpp
         boss_ragnaros.cpp
         boss_shazzrah.cpp
         boss_sulfuron_harbinger.cpp
         instance_molten_core.cpp
         molten_core.cpp
         ebon_hold.cpp
         boss_arcanist_doan.cpp
         boss_azshir_the_sleepless.cpp
         boss_bloodmage_thalnos.cpp
         boss_headless_horseman.cpp
         boss_herod.cpp
         boss_high_inquisitor_fairbanks.cpp
         boss_houndmaster_loksey.cpp
         boss_interrogator_vishas.cpp
         boss_mograine_and_whitemane.cpp
         boss_scorn.cpp
         instance_scarlet_monastery.cpp
         boss_hummel.cpp
         instance_shadowfang_keep.cpp
         shadowfang_keep.cpp
         boss_baron_rivendare.cpp
         boss_baroness_anastari.cpp
         boss_cannon_master_willey.cpp
         boss_dathrohan_balnazzar.cpp
         boss_magistrate_barthilas.cpp
         boss_maleki_the_pallid.cpp
         boss_nerubenkan.cpp
         boss_order_of_silver_hand.cpp
         boss_postmaster_malown.cpp
         boss_ramstein_the_gorger.cpp
         boss_timmy_the_cruel.cpp
         instance_stratholme.cpp
         stratholme.cpp
         instance_sunken_temple.cpp
         sunken_temple.cpp
         boss_brutallus.cpp
         boss_eredar_twins.cpp
         boss_felmyst.cpp
         boss_kalecgos.cpp
         boss_kiljaeden.cpp
         boss_muru.cpp
         instance_sunwell_plateau.cpp
         boss_archaedas.cpp
         uldaman.cpp
         instance_uldaman.cpp
         boss_akilzon.cpp
         boss_halazzi.cpp
         boss_janalai.cpp
         boss_malacrass.cpp
         boss_nalorakk.cpp
         boss_zuljin.cpp
         instance_zulaman.cpp
         zulaman.cpp
         boss_arlokk.cpp
         boss_gahzranka.cpp
         boss_grilek.cpp
         boss_hakkar.cpp
         boss_hazzarah.cpp
         boss_jeklik.cpp
         boss_jindo.cpp
         boss_mandokir.cpp
         boss_marli.cpp
         boss_renataki.cpp
         boss_thekal.cpp
         boss_venoxis.cpp
         boss_wushoolay.cpp
         instance_zulgurub.cpp
         example_creature.cpp
         example_escort.cpp
         example_gossip_codebox.cpp
         example_misc.cpp
         ancient_of_war.cpp
         archbishop_benedictus.cpp
         g_marcus_jonathan.cpp
         highlord_bolvar_fordragon.cpp
         high_fire_mage.cpp
         high_sorcerer_andromath.cpp
         officers.cpp
         overlord_saurfang.cpp
         infinity_trash.cpp
         ashenvale.cpp
         azshara.cpp
         azuremyst_isle.cpp
         bloodmyst_isle.cpp
         boss_azuregos.cpp
         boss_infinite_corruptor.cpp
         boss_lord_epoch.cpp
         boss_malganis.cpp
         boss_meathook.cpp
         boss_salramm.cpp
         culling_of_stratholmeai.cpp
         trash_culling_of_stratholme.cpp
         darkshore.cpp
         desolace.cpp
         dustwallow_marsh.cpp
         felwood.cpp
         feralas.cpp
         moonglade.cpp
         mulgore.cpp
         orgrimmar.cpp
         silithus.cpp
         stonetalon_mountains.cpp
         tanaris.cpp
         teldrassil.cpp
         the_barrens.cpp
         thousand_needles.cpp
         thunder_bluff.cpp
         ungoro_crater.cpp
         winterspring.cpp
         instance_blackfathom_deeps.cpp
         culling_of_stratholme.cpp
         instance_culling_of_stratholme.cpp
         boss_aeonus.cpp
         boss_chrono_lord_deja.cpp
         boss_temporus.cpp
         dark_portal.cpp
         instance_dark_portal.cpp
         boss_archimonde.cpp
         hyjal.cpp
         hyjalAI.cpp
         instance_hyjal.cpp
         boss_captain_skarloc.cpp
         boss_epoch_hunter.cpp
         boss_leutenant_drake.cpp
         instance_old_hillsbrad.cpp
         old_hillsbrad.cpp
         dire_maul.cpp
         instance_dire_maul.cpp
         boss_celebras_the_cursed.cpp
         boss_landslide.cpp
         boss_noxxion.cpp
         boss_princess_theradras.cpp
         boss_onyxia.cpp
         instance_onyxias_lair.cpp
         boss_amnennar_the_coldbringer.cpp
         razorfen_downs.cpp
         instance_razorfen_kraul.cpp
         boss_ayamiss.cpp
         boss_buru.cpp
         boss_kurinnaxx.cpp
         boss_moam.cpp
         boss_ossirian.cpp
         boss_rajaxx.cpp
         instance_ruins_of_ahnqiraj.cpp
         ruins_of_ahnqiraj.cpp
         boss_bug_trio.cpp
         boss_cthun.cpp
         boss_fankriss.cpp
         boss_huhuran.cpp
         boss_ouro.cpp
         boss_sartura.cpp
         boss_skeram.cpp
         boss_twinemperors.cpp
         boss_viscidus.cpp
         instance_temple_of_ahnqiraj.cpp
         mob_anubisath_sentinel.cpp
         instance_wailing_caverns.cpp
         wailing_caverns.cpp
         boss_zumrah.cpp
         instance_zulfarrak.cpp
         zulfarrak.cpp
         borean_tundra.cpp
         dalaran.cpp
         dragonblight.cpp
         grizzly_hills.cpp
         howling_fjord.cpp
         icecrown.cpp
         instance_eye_of_eternity.cpp
         sholazar_basin.cpp
         storm_peaks.cpp
         zuldrak.cpp
         boss_jedoga.cpp
         boss_nadox.cpp
         boss_taldaram.cpp
         boss_volazj.cpp
         instance_ahnkahet.cpp
         boss_anubarak.cpp
         boss_hadronox.cpp
         boss_krikthir.cpp
         instance_azjol-nerub.cpp
         boss_argent_challenge.cpp
         boss_black_knight.cpp
         boss_grand_champions.cpp
         instance_trial_of_the_champion.cpp
         trial_of_the_champion.cpp
         boss_anubarak_trial.cpp
         boss_faction_champions.cpp
         boss_jaraxxus.cpp
         boss_northrend_beasts.cpp
         boss_twin_valkyr.cpp
         instance_trial_of_the_crusader.cpp
         trial_of_the_crusader.cpp
         boss_dred.cpp
         boss_novos.cpp
         boss_tharonja.cpp
         boss_trollgore.cpp
         instance_draktharon_keep.cpp
         boss_colossus.cpp
         boss_eck.cpp
         boss_galdarah.cpp
         boss_moorabi.cpp
         boss_sladran.cpp
         instance_gundrak.cpp
         boss_bronjahm.cpp
         boss_devourer_of_souls.cpp
         forge_of_souls.cpp
         instance_forge_of_souls.cpp
         trash_forge_of_souls.cpp
         boss_falric.cpp
         boss_lich_king.cpp
         boss_marwyn.cpp
         halls_of_reflection.cpp
         instance_halls_of_reflection.cpp
         boss_forgemaster_garfrost.cpp
         boss_krick_and_ick.cpp
         boss_scourgelord_tyrannus.cpp
         instance_pit_of_saron.cpp
         pit_of_saron.cpp
         blood_prince_council.cpp
         boss_blood_queen_lanathel.cpp
         boss_deathbringer_saurfang.cpp
         boss_festergut.cpp
         boss_lady_deathwhisper.cpp
         boss_lord_marrowgar.cpp
         boss_professor_putricide.cpp
         boss_rotface.cpp
         boss_sindragosa.cpp
         boss_the_lich_king.cpp
         boss_valithria_dreamwalker.cpp
         gunship_battle.cpp
         icecrown_spire.cpp
         icecrown_teleport.cpp
         instance_icecrown_spire.cpp
         instance_icecrown_citadel.cpp
         boss_anubrekhan.cpp
         boss_faerlina.cpp
         boss_four_horsemen.cpp
         boss_gluth.cpp
         boss_gothik.cpp
         boss_grobbulus.cpp
         boss_heigan.cpp
         boss_kelthuzad.cpp
         boss_loatheb.cpp
         boss_maexxna.cpp
         boss_noth.cpp
         boss_patchwerk.cpp
         boss_razuvious.cpp
         boss_sapphiron.cpp
         boss_thaddius.cpp
         instance_naxxramas.cpp
         boss_malygos.cpp
         boss_anomalus.cpp
         boss_keristrasza.cpp
         boss_ormorok.cpp
         boss_telestra.cpp
         commander_kolurg.cpp
         commander_stoutbeard.cpp
         instance_nexus.cpp
         oculus.cpp
         instance_oculus.cpp
         boss_drakos.cpp
         boss_varos.cpp
         boss_urom.cpp
         boss_eregos.cpp
         boss_sartharion.cpp
         instance_obsidian_sanctum.cpp
         boss_baltharus.cpp
         boss_halion.cpp
         boss_saviana.cpp
         boss_zarithrian.cpp
         instance_ruby_sanctum.cpp
         ruby_sanctum.cpp
         boss_bjarngrim.cpp
         boss_ionar.cpp
         boss_loken.cpp
         boss_volkhan.cpp
         instance_halls_of_lightning.cpp
         boss_krystallus.cpp
         boss_maiden_of_grief.cpp
         boss_sjonnir.cpp
         halls_of_stone.cpp
         instance_halls_of_stone.cpp
         boss_algalon.cpp
         boss_auriaya.cpp
         boss_freya.cpp
         boss_hodir.cpp
         boss_ignis.cpp
         boss_iron_council.cpp
         boss_kologarn.cpp
         boss_leviathan.cpp
         boss_mimiron.cpp
         boss_razorscale.cpp
         boss_thorim.cpp
         boss_vezax.cpp
         boss_xt002.cpp
         boss_yogg_saron.cpp
         instance_ulduar.cpp
         ulduar.cpp
         ulduar_teleport.cpp
         boss_ingvar.cpp
         boss_keleseth.cpp
         boss_skarvald_and_dalronn.cpp
         instance_utgarde_keep.cpp
         utgarde_keep.cpp
         boss_gortok.cpp
         boss_skadi.cpp
         boss_svala.cpp
         boss_ymiron.cpp
         instance_utgarde_pinnacle.cpp
         boss_archavon.cpp
         boss_emalon.cpp
         boss_koralon.cpp
         boss_toravon.cpp
         instance_vault_of_archavon.cpp
         boss_erekem.cpp
         boss_ichoron.cpp
         boss_cyanigosa.cpp
         boss_lavanthor.cpp
         boss_moragg.cpp
         boss_xevozz.cpp
         boss_zuramat.cpp
         instance_violet_hold.cpp
         violet_hold.cpp
         blades_edge_mountains.cpp
         boss_doomlord_kazzak.cpp
         boss_doomwalker.cpp
         hellfire_peninsula.cpp
         nagrand.cpp
         netherstorm.cpp
         shadowmoon_valley.cpp
         shattrath_city.cpp
         terokkar_forest.cpp
         zangarmarsh.cpp
         boss_exarch_maladaar.cpp
         boss_shirrak.cpp
         boss_nexusprince_shaffar.cpp
         boss_pandemonius.cpp
         boss_anzu.cpp
         boss_darkweaver_syth.cpp
         boss_talon_king_ikiss.cpp
         instance_sethekk_halls.cpp
         boss_ambassador_hellmaw.cpp
         boss_blackheart_the_inciter.cpp
         boss_grandmaster_vorpil.cpp
         boss_murmur.cpp
         instance_shadow_labyrinth.cpp
         black_temple.cpp
         boss_bloodboil.cpp
         boss_illidan.cpp
         boss_mother_shahraz.cpp
         boss_reliquary_of_souls.cpp
         boss_shade_of_akama.cpp
         boss_supremus.cpp
         boss_teron_gorefiend.cpp
         boss_warlord_najentus.cpp
         illidari_council.cpp
         instance_black_temple.cpp
         boss_fathomlord_karathress.cpp
         boss_hydross_the_unstable.cpp
         boss_lady_vashj.cpp
         boss_leotheras_the_blind.cpp
         boss_morogrim_tidewalker.cpp
         boss_the_lurker_below.cpp
         instance_serpent_shrine.cpp
         boss_ahune.cpp
         boss_hydromancer_thespia.cpp
         boss_mekgineer_steamrigger.cpp
         boss_warlord_kalithresh.cpp
         instance_steam_vault.cpp
         boss_hungarfen.cpp
         boss_gruul.cpp
         boss_high_king_maulgar.cpp
         instance_gruuls_lair.cpp
         boss_broggok.cpp
         boss_kelidan_the_breaker.cpp
         boss_the_maker.cpp
         instance_blood_furnace.cpp
         boss_nazan_and_vazruden.cpp
         boss_omor_the_unscarred.cpp
         boss_watchkeeper_gargolmar.cpp
         instance_hellfire_ramparts.cpp
         boss_magtheridon.cpp
         instance_magtheridons_lair.cpp
         boss_nethekurse.cpp
         boss_warbringer_omrogg.cpp
         boss_warchief_kargath_bladefist.cpp
         instance_shattered_halls.cpp
         arcatraz.cpp
         boss_harbinger_skyriss.cpp
         instance_arcatraz.cpp
         boss_high_botanist_freywinn.cpp
         boss_laj.cpp
         boss_warp_splinter.cpp
         boss_astromancer.cpp
         boss_kaelthas.cpp
         boss_void_reaver.cpp
         instance_the_eye.cpp
         the_eye.cpp
         boss_gatewatcher_gyrokill.cpp
         boss_gatewatcher_ironhand.cpp
         boss_nethermancer_sepethrea.cpp
         boss_pathaleon_the_calculator.cpp
         instance_mechanar.cpp
         areatrigger_scripts.cpp
         boss_emeriss.cpp
         boss_lethon.cpp
         boss_taerar.cpp
         boss_ysondre.cpp
         go_scripts.cpp
         guards.cpp
         item_scripts.cpp
         mob_generic_creature.cpp
         npc_professions.cpp
         npcs_special.cpp
         pet_scripts.cpp
         spell_scripts.cpp
         sc_creature.cpp
         sc_grid_searchers.cpp
         sc_instance.cpp
         ScriptLoader.cpp
         system.cpp
         ScriptMgr.cpp
         boss_amanitar.cpp
         C:\Program Files (x86)\Microsoft Visual Studio 10.0\VC\bin\x86_amd64\CL.exe /c /I..\..\..\..\dep\include\ /I..\..\..\shared\ /I..\..\..\framework\ /I..\..\..\game\ /I..\include\ /I..\base\ /I..\..\..\..\dep\ACE_wrappers\ /Zi /nologo /W3 /WX- /O2 /D WIN32 /D NDEBUG /D _WINDOWS /D _USRDLL /D SCRIPT /D _SECURE_SCL=0 /D _VC80_UPGRADE=0x0710 /D _WINDLL /D _MBCS /GF /Gm- /EHsc /MD /GS /Gy /fp:precise /Zc:wchar_t /Zc:forScope /GR /Fo".\ScriptDev2__x64_Release\\" /Fd".\ScriptDev2__x64_Release\vc100.pdb" /Gd /TP /errorReport:prompt ..\system\MangosdRev.cpp /MP 
         MangosdRev.cpp
       Link:
         C:\Program Files (x86)\Microsoft Visual Studio 10.0\VC\bin\x86_amd64\link.exe /ERRORREPORT:PROMPT /OUT:"..\..\..\..\bin\x64_release\mangosscript.dll" /INCREMENTAL:NO /NOLOGO /LIBPATH:..\..\..\..\win\VC100\mangosd__x64_Release /LIBPATH:..\..\..\..\win\VC100\framework__x64_Release /LIBPATH:..\..\..\..\dep\lib\x64_release\ mangosd.lib ACE.lib framework.lib kernel32.lib user32.lib gdi32.lib winspool.lib comdlg32.lib advapi32.lib shell32.lib ole32.lib oleaut32.lib uuid.lib odbc32.lib odbccp32.lib /MANIFEST /ManifestFile:".\ScriptDev2__x64_Release\mangosscript.dll.intermediate.manifest" /MANIFESTUAC:"level='asInvoker' uiAccess='false'" /DEBUG /PDB:"C:\Users\Michael\Desktop\Core_Storage\Core_021411\bin\x64_release\mangosscript.pdb" /SUBSYSTEM:WINDOWS /OPT:REF /OPT:ICF /TLBID:1 /DYNAMICBASE:NO /IMPLIB:"..\..\..\..\bin\x64_release\mangosscript.lib" /MACHINE:X64 /DLL .\ScriptDev2__x64_Release\BSW_ai.obj
         .\ScriptDev2__x64_Release\BSW_instance.obj
         .\ScriptDev2__x64_Release\escort_ai.obj
         .\ScriptDev2__x64_Release\follower_ai.obj
         .\ScriptDev2__x64_Release\guard_ai.obj
         .\ScriptDev2__x64_Release\pet_ai.obj
         .\ScriptDev2__x64_Release\simple_ai.obj
         .\ScriptDev2__x64_Release\boss_balinda.obj
         .\ScriptDev2__x64_Release\boss_drekthar.obj
         .\ScriptDev2__x64_Release\boss_galvangar.obj
         .\ScriptDev2__x64_Release\boss_vanndar.obj
         .\ScriptDev2__x64_Release\battleground.obj
         .\ScriptDev2__x64_Release\battlegroundSA.obj
         .\ScriptDev2__x64_Release\boss_pvp.obj
         .\ScriptDev2__x64_Release\boss_razor.obj
         .\ScriptDev2__x64_Release\custom_boss.obj
         .\ScriptDev2__x64_Release\custom_boss_chen.obj
         .\ScriptDev2__x64_Release\custom_gameobjects.obj
         .\ScriptDev2__x64_Release\custom_items.obj
         .\ScriptDev2__x64_Release\custom_npc_buffmaster.obj
         .\ScriptDev2__x64_Release\custom_npc_guildmaster.obj
         .\ScriptDev2__x64_Release\custom_npc_news.obj
         .\ScriptDev2__x64_Release\custom_npc_professionmaster.obj
         .\ScriptDev2__x64_Release\custom_npc_renamecharacter.obj
         .\ScriptDev2__x64_Release\custom_npc_resetinstance.obj
         .\ScriptDev2__x64_Release\custom_npc_resetlevel.obj
         .\ScriptDev2__x64_Release\custom_npc_spellmaster.obj
         .\ScriptDev2__x64_Release\custom_npc_teleportmaster.obj
         .\ScriptDev2__x64_Release\custom_npc_titlemaster.obj
         .\ScriptDev2__x64_Release\custom_npc_tokenvendor.obj
         .\ScriptDev2__x64_Release\custom_script_training_dummy.obj
         .\ScriptDev2__x64_Release\npc_arena_honor.obj
         .\ScriptDev2__x64_Release\teleguy.obj
         .\ScriptDev2__x64_Release\alterac_mountains.obj
         .\ScriptDev2__x64_Release\arathi_highlands.obj
         .\ScriptDev2__x64_Release\boss_drakkisath.obj
         .\ScriptDev2__x64_Release\boss_gyth.obj
         .\ScriptDev2__x64_Release\boss_halycon.obj
         .\ScriptDev2__x64_Release\boss_highlord_omokk.obj
         .\ScriptDev2__x64_Release\boss_mother_smolderweb.obj
         .\ScriptDev2__x64_Release\boss_overlord_wyrmthalak.obj
         .\ScriptDev2__x64_Release\boss_pyroguard_emberseer.obj
         .\ScriptDev2__x64_Release\boss_quartermaster_zigris.obj
         .\ScriptDev2__x64_Release\boss_rend_blackhand.obj
         .\ScriptDev2__x64_Release\boss_shadow_hunter_voshgajin.obj
         .\ScriptDev2__x64_Release\boss_the_beast.obj
         .\ScriptDev2__x64_Release\boss_warmaster_voone.obj
         .\ScriptDev2__x64_Release\instance_blackrock_spire.obj
         .\ScriptDev2__x64_Release\blasted_lands.obj
         .\ScriptDev2__x64_Release\boss_kruul.obj
         .\ScriptDev2__x64_Release\burning_steppes.obj
         .\ScriptDev2__x64_Release\dun_morogh.obj
         .\ScriptDev2__x64_Release\eastern_plaguelands.obj
         .\ScriptDev2__x64_Release\elwynn_forest.obj
         .\ScriptDev2__x64_Release\eversong_woods.obj
         .\ScriptDev2__x64_Release\ghostlands.obj
         .\ScriptDev2__x64_Release\hinterlands.obj
         .\ScriptDev2__x64_Release\ironforge.obj
         .\ScriptDev2__x64_Release\isle_of_queldanas.obj
         .\ScriptDev2__x64_Release\loch_modan.obj
         .\ScriptDev2__x64_Release\redridge_mountains.obj
         .\ScriptDev2__x64_Release\boss_darkmaster_gandling.obj
         .\ScriptDev2__x64_Release\boss_death_knight_darkreaver.obj
         .\ScriptDev2__x64_Release\boss_doctor_theolen_krastinov.obj
         .\ScriptDev2__x64_Release\boss_illucia_barov.obj
         .\ScriptDev2__x64_Release\boss_instructor_malicia.obj
         .\ScriptDev2__x64_Release\boss_jandice_barov.obj
         .\ScriptDev2__x64_Release\boss_kormok.obj
         .\ScriptDev2__x64_Release\boss_lord_alexei_barov.obj
         .\ScriptDev2__x64_Release\boss_lorekeeper_polkelt.obj
         .\ScriptDev2__x64_Release\boss_ras_frostwhisper.obj
         .\ScriptDev2__x64_Release\boss_the_ravenian.obj
         .\ScriptDev2__x64_Release\boss_vectus.obj
         .\ScriptDev2__x64_Release\instance_scholomance.obj
         .\ScriptDev2__x64_Release\searing_gorge.obj
         .\ScriptDev2__x64_Release\silvermoon_city.obj
         .\ScriptDev2__x64_Release\silverpine_forest.obj
         .\ScriptDev2__x64_Release\stormwind_city.obj
         .\ScriptDev2__x64_Release\stranglethorn_vale.obj
         .\ScriptDev2__x64_Release\boss_muru_entropius.obj
         .\ScriptDev2__x64_Release\swamp_of_sorrows.obj
         .\ScriptDev2__x64_Release\tirisfal_glades.obj
         .\ScriptDev2__x64_Release\undercity.obj
         .\ScriptDev2__x64_Release\western_plaguelands.obj
         .\ScriptDev2__x64_Release\westfall.obj
         .\ScriptDev2__x64_Release\wetlands.obj
         .\ScriptDev2__x64_Release\blackrock_depths.obj
         .\ScriptDev2__x64_Release\boss_ambassador_flamelash.obj
         .\ScriptDev2__x64_Release\boss_anubshiah.obj
         .\ScriptDev2__x64_Release\boss_coren_direbrew.obj
         .\ScriptDev2__x64_Release\boss_emperor_dagran_thaurissan.obj
         .\ScriptDev2__x64_Release\boss_general_angerforge.obj
         .\ScriptDev2__x64_Release\boss_gorosh_the_dervish.obj
         .\ScriptDev2__x64_Release\boss_grizzle.obj
         .\ScriptDev2__x64_Release\boss_high_interrogator_gerstahn.obj
         .\ScriptDev2__x64_Release\boss_magmus.obj
         .\ScriptDev2__x64_Release\boss_tomb_of_seven.obj
         .\ScriptDev2__x64_Release\instance_blackrock_depths.obj
         .\ScriptDev2__x64_Release\boss_broodlord_lashlayer.obj
         .\ScriptDev2__x64_Release\boss_chromaggus.obj
         .\ScriptDev2__x64_Release\boss_ebonroc.obj
         .\ScriptDev2__x64_Release\boss_firemaw.obj
         .\ScriptDev2__x64_Release\boss_flamegor.obj
         .\ScriptDev2__x64_Release\boss_nefarian.obj
         .\ScriptDev2__x64_Release\boss_razorgore.obj
         .\ScriptDev2__x64_Release\boss_vaelastrasz.obj
         .\ScriptDev2__x64_Release\boss_victor_nefarius.obj
         .\ScriptDev2__x64_Release\instance_blackwing_lair.obj
         .\ScriptDev2__x64_Release\deadmines.obj
         .\ScriptDev2__x64_Release\instance_deadmines.obj
         .\ScriptDev2__x64_Release\boss_thermaplugg.obj
         .\ScriptDev2__x64_Release\gnomeregan.obj
         .\ScriptDev2__x64_Release\instance_gnomeregan.obj
         .\ScriptDev2__x64_Release\boss_curator.obj
         .\ScriptDev2__x64_Release\boss_maiden_of_virtue.obj
         .\ScriptDev2__x64_Release\boss_midnight.obj
         .\ScriptDev2__x64_Release\boss_moroes.obj
         .\ScriptDev2__x64_Release\boss_netherspite.obj
         .\ScriptDev2__x64_Release\boss_nightbane.obj
         .\ScriptDev2__x64_Release\boss_prince_malchezaar.obj
         .\ScriptDev2__x64_Release\boss_shade_of_aran.obj
         .\ScriptDev2__x64_Release\boss_terestian_illhoof.obj
         .\ScriptDev2__x64_Release\bosses_opera.obj
         .\ScriptDev2__x64_Release\chess_event.obj
         .\ScriptDev2__x64_Release\instance_karazhan.obj
         .\ScriptDev2__x64_Release\karazhan.obj
         .\ScriptDev2__x64_Release\boss_felblood_kaelthas.obj
         .\ScriptDev2__x64_Release\boss_priestess_delrissa.obj
         .\ScriptDev2__x64_Release\boss_selin_fireheart.obj
         .\ScriptDev2__x64_Release\boss_vexallus.obj
         .\ScriptDev2__x64_Release\instance_magisters_terrace.obj
         .\ScriptDev2__x64_Release\magisters_terrace.obj
         .\ScriptDev2__x64_Release\boss_baron_geddon.obj
         .\ScriptDev2__x64_Release\boss_garr.obj
         .\ScriptDev2__x64_Release\boss_gehennas.obj
         .\ScriptDev2__x64_Release\boss_golemagg.obj
         .\ScriptDev2__x64_Release\boss_lucifron.obj
         .\ScriptDev2__x64_Release\boss_magmadar.obj
         .\ScriptDev2__x64_Release\boss_majordomo_executus.obj
         .\ScriptDev2__x64_Release\boss_ragnaros.obj
         .\ScriptDev2__x64_Release\boss_shazzrah.obj
         .\ScriptDev2__x64_Release\boss_sulfuron_harbinger.obj
         .\ScriptDev2__x64_Release\instance_molten_core.obj
         .\ScriptDev2__x64_Release\molten_core.obj
         .\ScriptDev2__x64_Release\ebon_hold.obj
         .\ScriptDev2__x64_Release\boss_arcanist_doan.obj
         .\ScriptDev2__x64_Release\boss_azshir_the_sleepless.obj
         .\ScriptDev2__x64_Release\boss_bloodmage_thalnos.obj
         .\ScriptDev2__x64_Release\boss_headless_horseman.obj
         .\ScriptDev2__x64_Release\boss_herod.obj
         .\ScriptDev2__x64_Release\boss_high_inquisitor_fairbanks.obj
         .\ScriptDev2__x64_Release\boss_houndmaster_loksey.obj
         .\ScriptDev2__x64_Release\boss_interrogator_vishas.obj
         .\ScriptDev2__x64_Release\boss_mograine_and_whitemane.obj
         .\ScriptDev2__x64_Release\boss_scorn.obj
         .\ScriptDev2__x64_Release\instance_scarlet_monastery.obj
         .\ScriptDev2__x64_Release\boss_hummel.obj
         .\ScriptDev2__x64_Release\instance_shadowfang_keep.obj
         .\ScriptDev2__x64_Release\shadowfang_keep.obj
         .\ScriptDev2__x64_Release\boss_baron_rivendare.obj
         .\ScriptDev2__x64_Release\boss_baroness_anastari.obj
         .\ScriptDev2__x64_Release\boss_cannon_master_willey.obj
         .\ScriptDev2__x64_Release\boss_dathrohan_balnazzar.obj
         .\ScriptDev2__x64_Release\boss_magistrate_barthilas.obj
         .\ScriptDev2__x64_Release\boss_maleki_the_pallid.obj
         .\ScriptDev2__x64_Release\boss_nerubenkan.obj
         .\ScriptDev2__x64_Release\boss_order_of_silver_hand.obj
         .\ScriptDev2__x64_Release\boss_postmaster_malown.obj
         .\ScriptDev2__x64_Release\boss_ramstein_the_gorger.obj
         .\ScriptDev2__x64_Release\boss_timmy_the_cruel.obj
         .\ScriptDev2__x64_Release\instance_stratholme.obj
         .\ScriptDev2__x64_Release\stratholme.obj
         .\ScriptDev2__x64_Release\instance_sunken_temple.obj
         .\ScriptDev2__x64_Release\sunken_temple.obj
         .\ScriptDev2__x64_Release\boss_brutallus.obj
         .\ScriptDev2__x64_Release\boss_eredar_twins.obj
         .\ScriptDev2__x64_Release\boss_felmyst.obj
         .\ScriptDev2__x64_Release\boss_kalecgos.obj
         .\ScriptDev2__x64_Release\boss_kiljaeden.obj
         .\ScriptDev2__x64_Release\boss_muru.obj
         .\ScriptDev2__x64_Release\instance_sunwell_plateau.obj
         .\ScriptDev2__x64_Release\boss_archaedas.obj
         .\ScriptDev2__x64_Release\uldaman.obj
         .\ScriptDev2__x64_Release\instance_uldaman.obj
         .\ScriptDev2__x64_Release\boss_akilzon.obj
         .\ScriptDev2__x64_Release\boss_halazzi.obj
         .\ScriptDev2__x64_Release\boss_janalai.obj
         .\ScriptDev2__x64_Release\boss_malacrass.obj
         .\ScriptDev2__x64_Release\boss_nalorakk.obj
         .\ScriptDev2__x64_Release\boss_zuljin.obj
         .\ScriptDev2__x64_Release\instance_zulaman.obj
         .\ScriptDev2__x64_Release\zulaman.obj
         .\ScriptDev2__x64_Release\boss_arlokk.obj
         .\ScriptDev2__x64_Release\boss_gahzranka.obj
         .\ScriptDev2__x64_Release\boss_grilek.obj
         .\ScriptDev2__x64_Release\boss_hakkar.obj
         .\ScriptDev2__x64_Release\boss_hazzarah.obj
         .\ScriptDev2__x64_Release\boss_jeklik.obj
         .\ScriptDev2__x64_Release\boss_jindo.obj
         .\ScriptDev2__x64_Release\boss_mandokir.obj
         .\ScriptDev2__x64_Release\boss_marli.obj
         .\ScriptDev2__x64_Release\boss_renataki.obj
         .\ScriptDev2__x64_Release\boss_thekal.obj
         .\ScriptDev2__x64_Release\boss_venoxis.obj
         .\ScriptDev2__x64_Release\boss_wushoolay.obj
         .\ScriptDev2__x64_Release\instance_zulgurub.obj
         .\ScriptDev2__x64_Release\example_creature.obj
         .\ScriptDev2__x64_Release\example_escort.obj
         .\ScriptDev2__x64_Release\example_gossip_codebox.obj
         .\ScriptDev2__x64_Release\example_misc.obj
         .\ScriptDev2__x64_Release\ancient_of_war.obj
         .\ScriptDev2__x64_Release\archbishop_benedictus.obj
         .\ScriptDev2__x64_Release\g_marcus_jonathan.obj
         .\ScriptDev2__x64_Release\highlord_bolvar_fordragon.obj
         .\ScriptDev2__x64_Release\high_fire_mage.obj
         .\ScriptDev2__x64_Release\high_sorcerer_andromath.obj
         .\ScriptDev2__x64_Release\officers.obj
         .\ScriptDev2__x64_Release\overlord_saurfang.obj
         .\ScriptDev2__x64_Release\infinity_trash.obj
         .\ScriptDev2__x64_Release\ashenvale.obj
         .\ScriptDev2__x64_Release\azshara.obj
         .\ScriptDev2__x64_Release\azuremyst_isle.obj
         .\ScriptDev2__x64_Release\bloodmyst_isle.obj
         .\ScriptDev2__x64_Release\boss_azuregos.obj
         .\ScriptDev2__x64_Release\boss_infinite_corruptor.obj
         .\ScriptDev2__x64_Release\boss_lord_epoch.obj
         .\ScriptDev2__x64_Release\boss_malganis.obj
         .\ScriptDev2__x64_Release\boss_meathook.obj
         .\ScriptDev2__x64_Release\boss_salramm.obj
         .\ScriptDev2__x64_Release\culling_of_stratholmeai.obj
         .\ScriptDev2__x64_Release\trash_culling_of_stratholme.obj
         .\ScriptDev2__x64_Release\darkshore.obj
         .\ScriptDev2__x64_Release\desolace.obj
         .\ScriptDev2__x64_Release\dustwallow_marsh.obj
         .\ScriptDev2__x64_Release\felwood.obj
         .\ScriptDev2__x64_Release\feralas.obj
         .\ScriptDev2__x64_Release\moonglade.obj
         .\ScriptDev2__x64_Release\mulgore.obj
         .\ScriptDev2__x64_Release\orgrimmar.obj
         .\ScriptDev2__x64_Release\silithus.obj
         .\ScriptDev2__x64_Release\stonetalon_mountains.obj
         .\ScriptDev2__x64_Release\tanaris.obj
         .\ScriptDev2__x64_Release\teldrassil.obj
         .\ScriptDev2__x64_Release\the_barrens.obj
         .\ScriptDev2__x64_Release\thousand_needles.obj
         .\ScriptDev2__x64_Release\thunder_bluff.obj
         .\ScriptDev2__x64_Release\ungoro_crater.obj
         .\ScriptDev2__x64_Release\winterspring.obj
         .\ScriptDev2__x64_Release\instance_blackfathom_deeps.obj
         .\ScriptDev2__x64_Release\culling_of_stratholme.obj
         .\ScriptDev2__x64_Release\instance_culling_of_stratholme.obj
         .\ScriptDev2__x64_Release\boss_aeonus.obj
         .\ScriptDev2__x64_Release\boss_chrono_lord_deja.obj
         .\ScriptDev2__x64_Release\boss_temporus.obj
         .\ScriptDev2__x64_Release\dark_portal.obj
         .\ScriptDev2__x64_Release\instance_dark_portal.obj
         .\ScriptDev2__x64_Release\boss_archimonde.obj
         .\ScriptDev2__x64_Release\hyjal.obj
         .\ScriptDev2__x64_Release\hyjalAI.obj
         .\ScriptDev2__x64_Release\instance_hyjal.obj
         .\ScriptDev2__x64_Release\boss_captain_skarloc.obj
         .\ScriptDev2__x64_Release\boss_epoch_hunter.obj
         .\ScriptDev2__x64_Release\boss_leutenant_drake.obj
         .\ScriptDev2__x64_Release\instance_old_hillsbrad.obj
         .\ScriptDev2__x64_Release\old_hillsbrad.obj
         .\ScriptDev2__x64_Release\dire_maul.obj
         .\ScriptDev2__x64_Release\instance_dire_maul.obj
         .\ScriptDev2__x64_Release\boss_celebras_the_cursed.obj
         .\ScriptDev2__x64_Release\boss_landslide.obj
         .\ScriptDev2__x64_Release\boss_noxxion.obj
         .\ScriptDev2__x64_Release\boss_princess_theradras.obj
         .\ScriptDev2__x64_Release\boss_onyxia.obj
         .\ScriptDev2__x64_Release\instance_onyxias_lair.obj
         .\ScriptDev2__x64_Release\boss_amnennar_the_coldbringer.obj
         .\ScriptDev2__x64_Release\razorfen_downs.obj
         .\ScriptDev2__x64_Release\instance_razorfen_kraul.obj
         .\ScriptDev2__x64_Release\boss_ayamiss.obj
         .\ScriptDev2__x64_Release\boss_buru.obj
         .\ScriptDev2__x64_Release\boss_kurinnaxx.obj
         .\ScriptDev2__x64_Release\boss_moam.obj
         .\ScriptDev2__x64_Release\boss_ossirian.obj
         .\ScriptDev2__x64_Release\boss_rajaxx.obj
         .\ScriptDev2__x64_Release\instance_ruins_of_ahnqiraj.obj
         .\ScriptDev2__x64_Release\ruins_of_ahnqiraj.obj
         .\ScriptDev2__x64_Release\boss_bug_trio.obj
         .\ScriptDev2__x64_Release\boss_cthun.obj
         .\ScriptDev2__x64_Release\boss_fankriss.obj
         .\ScriptDev2__x64_Release\boss_huhuran.obj
         .\ScriptDev2__x64_Release\boss_ouro.obj
         .\ScriptDev2__x64_Release\boss_sartura.obj
         .\ScriptDev2__x64_Release\boss_skeram.obj
         .\ScriptDev2__x64_Release\boss_twinemperors.obj
         .\ScriptDev2__x64_Release\boss_viscidus.obj
         .\ScriptDev2__x64_Release\instance_temple_of_ahnqiraj.obj
         .\ScriptDev2__x64_Release\mob_anubisath_sentinel.obj
         .\ScriptDev2__x64_Release\instance_wailing_caverns.obj
         .\ScriptDev2__x64_Release\wailing_caverns.obj
         .\ScriptDev2__x64_Release\boss_zumrah.obj
         .\ScriptDev2__x64_Release\instance_zulfarrak.obj
         .\ScriptDev2__x64_Release\zulfarrak.obj
         .\ScriptDev2__x64_Release\borean_tundra.obj
         .\ScriptDev2__x64_Release\dalaran.obj
         .\ScriptDev2__x64_Release\dragonblight.obj
         .\ScriptDev2__x64_Release\grizzly_hills.obj
         .\ScriptDev2__x64_Release\howling_fjord.obj
         .\ScriptDev2__x64_Release\icecrown.obj
         .\ScriptDev2__x64_Release\instance_eye_of_eternity.obj
         .\ScriptDev2__x64_Release\sholazar_basin.obj
         .\ScriptDev2__x64_Release\storm_peaks.obj
         .\ScriptDev2__x64_Release\zuldrak.obj
         .\ScriptDev2__x64_Release\boss_jedoga.obj
         .\ScriptDev2__x64_Release\boss_nadox.obj
         .\ScriptDev2__x64_Release\boss_taldaram.obj
         .\ScriptDev2__x64_Release\boss_volazj.obj
         .\ScriptDev2__x64_Release\instance_ahnkahet.obj
         .\ScriptDev2__x64_Release\boss_anubarak.obj
         .\ScriptDev2__x64_Release\boss_hadronox.obj
         .\ScriptDev2__x64_Release\boss_krikthir.obj
         ".\ScriptDev2__x64_Release\instance_azjol-nerub.obj"
         .\ScriptDev2__x64_Release\boss_argent_challenge.obj
         .\ScriptDev2__x64_Release\boss_black_knight.obj
         .\ScriptDev2__x64_Release\boss_grand_champions.obj
         .\ScriptDev2__x64_Release\instance_trial_of_the_champion.obj
         .\ScriptDev2__x64_Release\trial_of_the_champion.obj
         .\ScriptDev2__x64_Release\boss_anubarak_trial.obj
         .\ScriptDev2__x64_Release\boss_faction_champions.obj
         .\ScriptDev2__x64_Release\boss_jaraxxus.obj
         .\ScriptDev2__x64_Release\boss_northrend_beasts.obj
         .\ScriptDev2__x64_Release\boss_twin_valkyr.obj
         .\ScriptDev2__x64_Release\instance_trial_of_the_crusader.obj
         .\ScriptDev2__x64_Release\trial_of_the_crusader.obj
         .\ScriptDev2__x64_Release\boss_dred.obj
         .\ScriptDev2__x64_Release\boss_novos.obj
         .\ScriptDev2__x64_Release\boss_tharonja.obj
         .\ScriptDev2__x64_Release\boss_trollgore.obj
         .\ScriptDev2__x64_Release\instance_draktharon_keep.obj
         .\ScriptDev2__x64_Release\boss_colossus.obj
         .\ScriptDev2__x64_Release\boss_eck.obj
         .\ScriptDev2__x64_Release\boss_galdarah.obj
         .\ScriptDev2__x64_Release\boss_moorabi.obj
         .\ScriptDev2__x64_Release\boss_sladran.obj
         .\ScriptDev2__x64_Release\instance_gundrak.obj
         .\ScriptDev2__x64_Release\boss_bronjahm.obj
         .\ScriptDev2__x64_Release\boss_devourer_of_souls.obj
         .\ScriptDev2__x64_Release\forge_of_souls.obj
         .\ScriptDev2__x64_Release\instance_forge_of_souls.obj
         .\ScriptDev2__x64_Release\trash_forge_of_souls.obj
         .\ScriptDev2__x64_Release\boss_falric.obj
         .\ScriptDev2__x64_Release\boss_lich_king.obj
         .\ScriptDev2__x64_Release\boss_marwyn.obj
         .\ScriptDev2__x64_Release\halls_of_reflection.obj
         .\ScriptDev2__x64_Release\instance_halls_of_reflection.obj
         .\ScriptDev2__x64_Release\boss_forgemaster_garfrost.obj
         .\ScriptDev2__x64_Release\boss_krick_and_ick.obj
         .\ScriptDev2__x64_Release\boss_scourgelord_tyrannus.obj
         .\ScriptDev2__x64_Release\instance_pit_of_saron.obj
         .\ScriptDev2__x64_Release\pit_of_saron.obj
         .\ScriptDev2__x64_Release\blood_prince_council.obj
         .\ScriptDev2__x64_Release\boss_blood_queen_lanathel.obj
         .\ScriptDev2__x64_Release\boss_deathbringer_saurfang.obj
         .\ScriptDev2__x64_Release\boss_festergut.obj
         .\ScriptDev2__x64_Release\boss_lady_deathwhisper.obj
         .\ScriptDev2__x64_Release\boss_lord_marrowgar.obj
         .\ScriptDev2__x64_Release\boss_professor_putricide.obj
         .\ScriptDev2__x64_Release\boss_rotface.obj
         .\ScriptDev2__x64_Release\boss_sindragosa.obj
         .\ScriptDev2__x64_Release\boss_the_lich_king.obj
         .\ScriptDev2__x64_Release\boss_valithria_dreamwalker.obj
         .\ScriptDev2__x64_Release\gunship_battle.obj
         .\ScriptDev2__x64_Release\icecrown_spire.obj
         .\ScriptDev2__x64_Release\icecrown_teleport.obj
         .\ScriptDev2__x64_Release\instance_icecrown_spire.obj
         .\ScriptDev2__x64_Release\instance_icecrown_citadel.obj
         .\ScriptDev2__x64_Release\boss_anubrekhan.obj
         .\ScriptDev2__x64_Release\boss_faerlina.obj
         .\ScriptDev2__x64_Release\boss_four_horsemen.obj
         .\ScriptDev2__x64_Release\boss_gluth.obj
         .\ScriptDev2__x64_Release\boss_gothik.obj
         .\ScriptDev2__x64_Release\boss_grobbulus.obj
         .\ScriptDev2__x64_Release\boss_heigan.obj
         .\ScriptDev2__x64_Release\boss_kelthuzad.obj
         .\ScriptDev2__x64_Release\boss_loatheb.obj
         .\ScriptDev2__x64_Release\boss_maexxna.obj
         .\ScriptDev2__x64_Release\boss_noth.obj
         .\ScriptDev2__x64_Release\boss_patchwerk.obj
         .\ScriptDev2__x64_Release\boss_razuvious.obj
         .\ScriptDev2__x64_Release\boss_sapphiron.obj
         .\ScriptDev2__x64_Release\boss_thaddius.obj
         .\ScriptDev2__x64_Release\instance_naxxramas.obj
         .\ScriptDev2__x64_Release\boss_malygos.obj
         .\ScriptDev2__x64_Release\boss_anomalus.obj
         .\ScriptDev2__x64_Release\boss_keristrasza.obj
         .\ScriptDev2__x64_Release\boss_ormorok.obj
         .\ScriptDev2__x64_Release\boss_telestra.obj
         .\ScriptDev2__x64_Release\commander_kolurg.obj
         .\ScriptDev2__x64_Release\commander_stoutbeard.obj
         .\ScriptDev2__x64_Release\instance_nexus.obj
         .\ScriptDev2__x64_Release\oculus.obj
         .\ScriptDev2__x64_Release\instance_oculus.obj
         .\ScriptDev2__x64_Release\boss_drakos.obj
         .\ScriptDev2__x64_Release\boss_varos.obj
         .\ScriptDev2__x64_Release\boss_urom.obj
         .\ScriptDev2__x64_Release\boss_eregos.obj
         .\ScriptDev2__x64_Release\boss_sartharion.obj
         .\ScriptDev2__x64_Release\instance_obsidian_sanctum.obj
         .\ScriptDev2__x64_Release\boss_baltharus.obj
         .\ScriptDev2__x64_Release\boss_halion.obj
         .\ScriptDev2__x64_Release\boss_saviana.obj
         .\ScriptDev2__x64_Release\boss_zarithrian.obj
         .\ScriptDev2__x64_Release\instance_ruby_sanctum.obj
         .\ScriptDev2__x64_Release\ruby_sanctum.obj
         .\ScriptDev2__x64_Release\boss_bjarngrim.obj
         .\ScriptDev2__x64_Release\boss_ionar.obj
         .\ScriptDev2__x64_Release\boss_loken.obj
         .\ScriptDev2__x64_Release\boss_volkhan.obj
         .\ScriptDev2__x64_Release\instance_halls_of_lightning.obj
         .\ScriptDev2__x64_Release\boss_krystallus.obj
         .\ScriptDev2__x64_Release\boss_maiden_of_grief.obj
         .\ScriptDev2__x64_Release\boss_sjonnir.obj
         .\ScriptDev2__x64_Release\halls_of_stone.obj
         .\ScriptDev2__x64_Release\instance_halls_of_stone.obj
         .\ScriptDev2__x64_Release\boss_algalon.obj
         .\ScriptDev2__x64_Release\boss_auriaya.obj
         .\ScriptDev2__x64_Release\boss_freya.obj
         .\ScriptDev2__x64_Release\boss_hodir.obj
         .\ScriptDev2__x64_Release\boss_ignis.obj
         .\ScriptDev2__x64_Release\boss_iron_council.obj
         .\ScriptDev2__x64_Release\boss_kologarn.obj
         .\ScriptDev2__x64_Release\boss_leviathan.obj
         .\ScriptDev2__x64_Release\boss_mimiron.obj
         .\ScriptDev2__x64_Release\boss_razorscale.obj
         .\ScriptDev2__x64_Release\boss_thorim.obj
         .\ScriptDev2__x64_Release\boss_vezax.obj
         .\ScriptDev2__x64_Release\boss_xt002.obj
         .\ScriptDev2__x64_Release\boss_yogg_saron.obj
         .\ScriptDev2__x64_Release\instance_ulduar.obj
         .\ScriptDev2__x64_Release\ulduar.obj
         .\ScriptDev2__x64_Release\ulduar_teleport.obj
         .\ScriptDev2__x64_Release\boss_ingvar.obj
         .\ScriptDev2__x64_Release\boss_keleseth.obj
         .\ScriptDev2__x64_Release\boss_skarvald_and_dalronn.obj
         .\ScriptDev2__x64_Release\instance_utgarde_keep.obj
         .\ScriptDev2__x64_Release\utgarde_keep.obj
         .\ScriptDev2__x64_Release\boss_gortok.obj
         .\ScriptDev2__x64_Release\boss_skadi.obj
         .\ScriptDev2__x64_Release\boss_svala.obj
         .\ScriptDev2__x64_Release\boss_ymiron.obj
         .\ScriptDev2__x64_Release\instance_utgarde_pinnacle.obj
         .\ScriptDev2__x64_Release\boss_archavon.obj
         .\ScriptDev2__x64_Release\boss_emalon.obj
         .\ScriptDev2__x64_Release\boss_koralon.obj
         .\ScriptDev2__x64_Release\boss_toravon.obj
         .\ScriptDev2__x64_Release\instance_vault_of_archavon.obj
         .\ScriptDev2__x64_Release\boss_erekem.obj
         .\ScriptDev2__x64_Release\boss_ichoron.obj
         .\ScriptDev2__x64_Release\boss_cyanigosa.obj
         .\ScriptDev2__x64_Release\boss_lavanthor.obj
         .\ScriptDev2__x64_Release\boss_moragg.obj
         .\ScriptDev2__x64_Release\boss_xevozz.obj
         .\ScriptDev2__x64_Release\boss_zuramat.obj
         .\ScriptDev2__x64_Release\instance_violet_hold.obj
         .\ScriptDev2__x64_Release\violet_hold.obj
         .\ScriptDev2__x64_Release\blades_edge_mountains.obj
         .\ScriptDev2__x64_Release\boss_doomlord_kazzak.obj
         .\ScriptDev2__x64_Release\boss_doomwalker.obj
         .\ScriptDev2__x64_Release\hellfire_peninsula.obj
         .\ScriptDev2__x64_Release\nagrand.obj
         .\ScriptDev2__x64_Release\netherstorm.obj
         .\ScriptDev2__x64_Release\shadowmoon_valley.obj
         .\ScriptDev2__x64_Release\shattrath_city.obj
         .\ScriptDev2__x64_Release\terokkar_forest.obj
         .\ScriptDev2__x64_Release\zangarmarsh.obj
         .\ScriptDev2__x64_Release\boss_exarch_maladaar.obj
         .\ScriptDev2__x64_Release\boss_shirrak.obj
         .\ScriptDev2__x64_Release\boss_nexusprince_shaffar.obj
         .\ScriptDev2__x64_Release\boss_pandemonius.obj
         .\ScriptDev2__x64_Release\boss_anzu.obj
         .\ScriptDev2__x64_Release\boss_darkweaver_syth.obj
         .\ScriptDev2__x64_Release\boss_talon_king_ikiss.obj
         .\ScriptDev2__x64_Release\instance_sethekk_halls.obj
         .\ScriptDev2__x64_Release\boss_ambassador_hellmaw.obj
         .\ScriptDev2__x64_Release\boss_blackheart_the_inciter.obj
         .\ScriptDev2__x64_Release\boss_grandmaster_vorpil.obj
         .\ScriptDev2__x64_Release\boss_murmur.obj
         .\ScriptDev2__x64_Release\instance_shadow_labyrinth.obj
         .\ScriptDev2__x64_Release\black_temple.obj
         .\ScriptDev2__x64_Release\boss_bloodboil.obj
         .\ScriptDev2__x64_Release\boss_illidan.obj
         .\ScriptDev2__x64_Release\boss_mother_shahraz.obj
         .\ScriptDev2__x64_Release\boss_reliquary_of_souls.obj
         .\ScriptDev2__x64_Release\boss_shade_of_akama.obj
         .\ScriptDev2__x64_Release\boss_supremus.obj
         .\ScriptDev2__x64_Release\boss_teron_gorefiend.obj
         .\ScriptDev2__x64_Release\boss_warlord_najentus.obj
         .\ScriptDev2__x64_Release\illidari_council.obj
         .\ScriptDev2__x64_Release\instance_black_temple.obj
         .\ScriptDev2__x64_Release\boss_fathomlord_karathress.obj
         .\ScriptDev2__x64_Release\boss_hydross_the_unstable.obj
         .\ScriptDev2__x64_Release\boss_lady_vashj.obj
         .\ScriptDev2__x64_Release\boss_leotheras_the_blind.obj
         .\ScriptDev2__x64_Release\boss_morogrim_tidewalker.obj
         .\ScriptDev2__x64_Release\boss_the_lurker_below.obj
         .\ScriptDev2__x64_Release\instance_serpent_shrine.obj
         .\ScriptDev2__x64_Release\boss_ahune.obj
         .\ScriptDev2__x64_Release\boss_hydromancer_thespia.obj
         .\ScriptDev2__x64_Release\boss_mekgineer_steamrigger.obj
         .\ScriptDev2__x64_Release\boss_warlord_kalithresh.obj
         .\ScriptDev2__x64_Release\instance_steam_vault.obj
         .\ScriptDev2__x64_Release\boss_hungarfen.obj
         .\ScriptDev2__x64_Release\boss_gruul.obj
         .\ScriptDev2__x64_Release\boss_high_king_maulgar.obj
         .\ScriptDev2__x64_Release\instance_gruuls_lair.obj
         .\ScriptDev2__x64_Release\boss_broggok.obj
         .\ScriptDev2__x64_Release\boss_kelidan_the_breaker.obj
         .\ScriptDev2__x64_Release\boss_the_maker.obj
         .\ScriptDev2__x64_Release\instance_blood_furnace.obj
         .\ScriptDev2__x64_Release\boss_nazan_and_vazruden.obj
         .\ScriptDev2__x64_Release\boss_omor_the_unscarred.obj
         .\ScriptDev2__x64_Release\boss_watchkeeper_gargolmar.obj
         .\ScriptDev2__x64_Release\instance_hellfire_ramparts.obj
         .\ScriptDev2__x64_Release\boss_magtheridon.obj
         .\ScriptDev2__x64_Release\instance_magtheridons_lair.obj
         .\ScriptDev2__x64_Release\boss_nethekurse.obj
         .\ScriptDev2__x64_Release\boss_warbringer_omrogg.obj
         .\ScriptDev2__x64_Release\boss_warchief_kargath_bladefist.obj
         .\ScriptDev2__x64_Release\instance_shattered_halls.obj
         .\ScriptDev2__x64_Release\arcatraz.obj
         .\ScriptDev2__x64_Release\boss_harbinger_skyriss.obj
         .\ScriptDev2__x64_Release\instance_arcatraz.obj
         .\ScriptDev2__x64_Release\boss_high_botanist_freywinn.obj
         .\ScriptDev2__x64_Release\boss_laj.obj
         .\ScriptDev2__x64_Release\boss_warp_splinter.obj
         .\ScriptDev2__x64_Release\boss_astromancer.obj
         .\ScriptDev2__x64_Release\boss_kaelthas.obj
         .\ScriptDev2__x64_Release\boss_void_reaver.obj
         .\ScriptDev2__x64_Release\instance_the_eye.obj
         .\ScriptDev2__x64_Release\the_eye.obj
         .\ScriptDev2__x64_Release\boss_gatewatcher_gyrokill.obj
         .\ScriptDev2__x64_Release\boss_gatewatcher_ironhand.obj
         .\ScriptDev2__x64_Release\boss_nethermancer_sepethrea.obj
         .\ScriptDev2__x64_Release\boss_pathaleon_the_calculator.obj
         .\ScriptDev2__x64_Release\instance_mechanar.obj
         .\ScriptDev2__x64_Release\areatrigger_scripts.obj
         .\ScriptDev2__x64_Release\boss_emeriss.obj
         .\ScriptDev2__x64_Release\boss_lethon.obj
         .\ScriptDev2__x64_Release\boss_taerar.obj
         .\ScriptDev2__x64_Release\boss_ysondre.obj
         .\ScriptDev2__x64_Release\go_scripts.obj
         .\ScriptDev2__x64_Release\guards.obj
         .\ScriptDev2__x64_Release\item_scripts.obj
         .\ScriptDev2__x64_Release\mob_generic_creature.obj
         .\ScriptDev2__x64_Release\npc_professions.obj
         .\ScriptDev2__x64_Release\npcs_special.obj
         .\ScriptDev2__x64_Release\pet_scripts.obj
         .\ScriptDev2__x64_Release\spell_scripts.obj
         .\ScriptDev2__x64_Release\precompiled.obj
         .\ScriptDev2__x64_Release\sc_creature.obj
         .\ScriptDev2__x64_Release\sc_grid_searchers.obj
         .\ScriptDev2__x64_Release\sc_instance.obj
         .\ScriptDev2__x64_Release\MangosdRev.obj
         .\ScriptDev2__x64_Release\ScriptLoader.obj
         .\ScriptDev2__x64_Release\system.obj
         .\ScriptDev2__x64_Release\ScriptMgr.obj
         .\ScriptDev2__x64_Release\boss_amanitar.obj
            Creating library ..\..\..\..\bin\x64_release\mangosscript.lib and object ..\..\..\..\bin\x64_release\mangosscript.exp
         100ScriptDev2.vcxproj -> C:\Users\Michael\Desktop\Core_Storage\Core_021411\src\bindings\Scriptdev2\VC100\..\..\..\..\bin\x64_release\mangosscript.dll
       Manifest:
         C:\Program Files (x86)\Microsoft SDKs\Windows\v7.0A\bin\mt.exe /nologo /verbose /outputresource:"..\..\..\..\bin\x64_release\mangosscript.dll;#2" /manifest .\ScriptDev2__x64_Release\mangosscript.dll.intermediate.manifest
       FinalizeBuildStatus:
         Deleting file ".\ScriptDev2__x64_Release\ScriptDev2.unsuccessfulbuild".
         Touching ".\ScriptDev2__x64_Release\ScriptDev2.lastbuildstate".
     1>Done Building Project "C:\Users\Michael\Desktop\Core_Storage\Core_021411\src\bindings\Scriptdev2\VC100\100ScriptDev2.vcxproj" (rebuild target(s)).

Build succeeded.

Time Elapsed 00:01:27.08
